1. Distance restraints summary
------------------------------

	Total number of restraints                                    =  2618 (100.0%)
	Intraresidue restraints |i-j|=0                               =   572 (21.85%)
	Sequential restraints |i-j|=1                                 =   592 (22.61%)
	Medium range  restraints|i-j|>1 and |i-j|<5                   =   782 (29.87%)
	Long range restraints|i-j|>=5                                 =   672 (25.67%)


2. Distance restraint violations
--------------------------------

2.1 Number of violated restraints for each model
------------------------------------------------

       Model	    Not Violated(%)	        Violated(%)	         0A-0.2A(%)	       0.2A-0.5A(%)	       0.5A-1.0A(%)	       1.0A-2.0A(%)	       2.0A-5.0A(%)	           >5.0A(%)

           1	        2554(97.56)	          64(2.44)	          64(2.44)	           0(0.0)	           0(0.0)	           0(0.0)	           0(0.0)	           0(0.0)
           2	        2537(96.91)	          81(3.09)	          81(3.09)	           0(0.0)	           0(0.0)	           0(0.0)	           0(0.0)	           0(0.0)
           3	        2531(96.68)	          87(3.32)	          85(3.25)	           2(0.08)	           0(0.0)	           0(0.0)	           0(0.0)	           0(0.0)
           4	        2542(97.1)	          76(2.9)	          76(2.9)	           0(0.0)	           0(0.0)	           0(0.0)	           0(0.0)	           0(0.0)
           5	        2549(97.36)	          69(2.64)	          69(2.64)	           0(0.0)	           0(0.0)	           0(0.0)	           0(0.0)	           0(0.0)
           6	        2545(97.21)	          73(2.79)	          73(2.79)	           0(0.0)	           0(0.0)	           0(0.0)	           0(0.0)	           0(0.0)
           7	        2538(96.94)	          80(3.06)	          80(3.06)	           0(0.0)	           0(0.0)	           0(0.0)	           0(0.0)	           0(0.0)
           8	        2529(96.6)	          89(3.4)	          89(3.4)	           0(0.0)	           0(0.0)	           0(0.0)	           0(0.0)	           0(0.0)
           9	        2552(97.48)	          66(2.52)	          66(2.52)	           0(0.0)	           0(0.0)	           0(0.0)	           0(0.0)	           0(0.0)
          10	        2552(97.48)	          66(2.52)	          66(2.52)	           0(0.0)	           0(0.0)	           0(0.0)	           0(0.0)	           0(0.0)
          11	        2534(96.79)	          84(3.21)	          84(3.21)	           0(0.0)	           0(0.0)	           0(0.0)	           0(0.0)	           0(0.0)
          12	        2541(97.06)	          77(2.94)	          77(2.94)	           0(0.0)	           0(0.0)	           0(0.0)	           0(0.0)	           0(0.0)
          13	        2562(97.86)	          56(2.14)	          56(2.14)	           0(0.0)	           0(0.0)	           0(0.0)	           0(0.0)	           0(0.0)
          14	        2526(96.49)	          92(3.51)	          90(3.44)	           2(0.08)	           0(0.0)	           0(0.0)	           0(0.0)	           0(0.0)
          15	        2540(97.02)	          78(2.98)	          76(2.9)	           2(0.08)	           0(0.0)	           0(0.0)	           0(0.0)	           0(0.0)
          16	        2549(97.36)	          69(2.64)	          69(2.64)	           0(0.0)	           0(0.0)	           0(0.0)	           0(0.0)	           0(0.0)
          17	        2549(97.36)	          69(2.64)	          68(2.6)	           1(0.04)	           0(0.0)	           0(0.0)	           0(0.0)	           0(0.0)
          18	        2547(97.29)	          71(2.71)	          71(2.71)	           0(0.0)	           0(0.0)	           0(0.0)	           0(0.0)	           0(0.0)
          19	        2550(97.4)	          68(2.6)	          68(2.6)	           0(0.0)	           0(0.0)	           0(0.0)	           0(0.0)	           0(0.0)
          20	        2550(97.4)	          68(2.6)	          68(2.6)	           0(0.0)	           0(0.0)	           0(0.0)	           0(0.0)	           0(0.0)


2.2 Number of violated models for each restraint
------------------------------------------------

	Restraint ID             	No. of Violated Models   	Average Violation(A)     	Violated Models          

	1                        	1                        	0.0005                   	7                        
	8                        	2                        	0.0157                   	10,12                    
	11                       	2                        	0.0507                   	16,17                    
	14                       	1                        	0.0186                   	19                       
	19                       	10                       	0.0378                   	1,2,4,5,7,12,14,15,18,19 
	22                       	6                        	0.0323                   	1,4,8,10,15,19           
	24                       	2                        	0.0146                   	12,18                    
	27                       	2                        	0.0254                   	1,15                     
	28                       	1                        	0.0155                   	5                        
	30                       	2                        	0.0409                   	8,10                     
	42                       	3                        	0.0894                   	4,11,17                  
	50                       	1                        	0.0719                   	3                        
	51                       	1                        	0.0377                   	4                        
	52                       	1                        	0.0012                   	12                       
	53                       	5                        	0.0615                   	9,11,16,17,19            
	57                       	2                        	0.0329                   	11,17                    
	58                       	1                        	0.0339                   	10                       
	60                       	2                        	0.0176                   	9,16                     
	66                       	2                        	0.0587                   	2,18                     
	67                       	2                        	0.036                    	10,16                    
	71                       	1                        	0.0044                   	14                       
	76                       	1                        	0.0093                   	13                       
	78                       	2                        	0.0113                   	4,7                      
	82                       	10                       	0.0458                   	1,2,4,5,7,9,10,12,19,20  
	85                       	5                        	0.0378                   	4,7,13,19,20             
	87                       	1                        	0.0003                   	2                        
	88                       	1                        	0.0175                   	8                        
	89                       	1                        	0.0884                   	6                        
	90                       	2                        	0.0454                   	8,17                     
	91                       	1                        	0.0186                   	20                       
	94                       	1                        	0.0501                   	7                        
	96                       	2                        	0.0324                   	12,18                    
	97                       	1                        	0.0089                   	6                        
	98                       	1                        	0.0482                   	6                        
	99                       	2                        	0.0211                   	7,12                     
	100                      	3                        	0.0198                   	9,13,15                  
	107                      	1                        	0.0162                   	7                        
	112                      	1                        	0.01                     	11                       
	114                      	1                        	0.0268                   	4                        
	116                      	3                        	0.0285                   	7,11,18                  
	118                      	3                        	0.0899                   	4,7,11                   
	123                      	2                        	0.0234                   	2,19                     
	132                      	2                        	0.0357                   	2,14                     
	141                      	2                        	0.0089                   	12,15                    
	146                      	7                        	0.0348                   	4,6,8,11,16,17,19        
	150                      	2                        	0.0787                   	4,11                     
	151                      	5                        	0.0478                   	3,8,9,14,20              
	201                      	4                        	0.0388                   	2,7,12,14                
	203                      	2                        	0.041                    	8,9                      
	210                      	1                        	0.0244                   	10                       
	226                      	6                        	0.0673                   	6,11,17,18,19,20         
	229                      	3                        	0.0274                   	3,4,5                    
	230                      	2                        	0.0153                   	13,14                    
	235                      	7                        	0.0621                   	1,2,3,5,6,11,20          
	258                      	1                        	0.0318                   	8                        
	270                      	1                        	0.0199                   	16                       
	277                      	1                        	0.0102                   	2                        
	278                      	2                        	0.0298                   	14,15                    
	279                      	16                       	0.0608                   	1,3,5,6,8,9,10,12,13,14,15,16,17,18,19,20
	286                      	2                        	0.021                    	8,12                     
	293                      	6                        	0.0613                   	9,12,14,16,18,20         
	295                      	2                        	0.028                    	7,11                     
	296                      	1                        	0.0203                   	4                        
	299                      	4                        	0.0681                   	7,11,13,17               
	308                      	3                        	0.0466                   	17,18,19                 
	310                      	9                        	0.0574                   	4,7,9,10,11,12,14,15,20  
	312                      	3                        	0.0398                   	4,6,11                   
	313                      	2                        	0.0108                   	2,11                     
	314                      	2                        	0.0398                   	6,12                     
	315                      	3                        	0.0287                   	2,7,11                   
	319                      	1                        	0.1059                   	6                        
	324                      	10                       	0.0377                   	3,5,6,8,13,14,15,18,19,20
	329                      	1                        	0.0435                   	4                        
	337                      	7                        	0.0289                   	2,5,7,11,13,14,19        
	338                      	1                        	0.0205                   	8                        
	342                      	2                        	0.0096                   	4,15                     
	352                      	5                        	0.0266                   	1,2,8,13,14              
	356                      	6                        	0.0478                   	8,10,13,14,17,20         
	357                      	5                        	0.0357                   	1,4,12,19,20             
	360                      	2                        	0.0211                   	8,9                      
	361                      	8                        	0.0385                   	3,6,8,9,11,14,16,18      
	375                      	1                        	0.0136                   	5                        
	381                      	1                        	0.02                     	3                        
	395                      	5                        	0.0125                   	2,5,8,10,13              
	408                      	2                        	0.089                    	7,12                     
	420                      	2                        	0.0309                   	14,15                    
	421                      	1                        	0.0506                   	4                        
	422                      	1                        	0.0091                   	5                        
	429                      	1                        	0.0348                   	11                       
	431                      	2                        	0.0657                   	14,15                    
	434                      	1                        	0.0121                   	16                       
	435                      	4                        	0.0049                   	3,7,9,16                 
	438                      	2                        	0.0086                   	13,17                    
	439                      	10                       	0.0324                   	2,4,8,9,10,11,14,15,18,20
	440                      	4                        	0.0172                   	7,8,14,18                
	446                      	1                        	0.0056                   	7                        
	464                      	5                        	0.0291                   	3,5,7,10,19              
	469                      	1                        	0.0432                   	15                       
	475                      	3                        	0.0207                   	6,12,18                  
	476                      	4                        	0.0405                   	3,8,15,17                
	490                      	1                        	0.0069                   	9                        
	500                      	1                        	0.0083                   	5                        
	502                      	1                        	0.1299                   	9                        
	506                      	1                        	0.0318                   	20                       
	513                      	1                        	0.0218                   	2                        
	522                      	2                        	0.0786                   	16,18                    
	523                      	1                        	0.002                    	1                        
	524                      	2                        	0.0693                   	5,8                      
	525                      	1                        	0.0418                   	7                        
	528                      	3                        	0.0254                   	1,5,18                   
	534                      	1                        	0.0402                   	10                       
	543                      	4                        	0.024                    	1,7,10,18                
	549                      	1                        	0.0177                   	1                        
	574                      	2                        	0.0103                   	2,12                     
	592                      	4                        	0.0182                   	5,17,18,20               
	606                      	6                        	0.0208                   	2,4,7,12,14,20           
	613                      	6                        	0.0297                   	6,8,9,14,17,19           
	614                      	3                        	0.0158                   	3,8,13                   
	615                      	3                        	0.0301                   	2,7,14                   
	616                      	4                        	0.0229                   	1,3,5,19                 
	617                      	1                        	0.0356                   	20                       
	618                      	2                        	0.0205                   	9,17                     
	619                      	2                        	0.0293                   	4,6                      
	645                      	1                        	0.0158                   	9                        
	650                      	2                        	0.0257                   	6,17                     
	704                      	2                        	0.056                    	16,19                    
	710                      	2                        	0.0475                   	9,10                     
	713                      	1                        	0.0059                   	1                        
	714                      	4                        	0.021                    	3,11,15,18               
	716                      	2                        	0.0179                   	9,10                     
	740                      	1                        	0.0397                   	10                       
	742                      	1                        	0.0185                   	10                       
	744                      	1                        	0.0024                   	11                       
	747                      	2                        	0.0356                   	15,17                    
	748                      	1                        	0.0094                   	15                       
	749                      	7                        	0.0415                   	3,5,6,8,12,13,20         
	750                      	1                        	0.0094                   	12                       
	755                      	2                        	0.0032                   	15,18                    
	775                      	1                        	0.0124                   	3                        
	796                      	1                        	0.0806                   	5                        
	819                      	3                        	0.0555                   	5,7,11                   
	824                      	3                        	0.0216                   	1,2,9                    
	835                      	2                        	0.0771                   	14,15                    
	839                      	2                        	0.2508                   	14,15                    
	842                      	1                        	0.0265                   	7                        
	845                      	2                        	0.0093                   	14,15                    
	848                      	1                        	0.1723                   	5                        
	854                      	1                        	0.0069                   	14                       
	859                      	1                        	0.1113                   	15                       
	863                      	2                        	0.0401                   	4,11                     
	864                      	4                        	0.0137                   	3,9,12,15                
	865                      	2                        	0.039                    	3,11                     
	866                      	5                        	0.0305                   	2,3,7,9,12               
	872                      	1                        	0.055                    	17                       
	881                      	1                        	0.0557                   	14                       
	885                      	8                        	0.0322                   	1,3,5,10,16,17,19,20     
	888                      	2                        	0.0824                   	11,12                    
	891                      	3                        	0.0227                   	2,5,10                   
	892                      	5                        	0.0496                   	4,9,14,15,19             
	897                      	3                        	0.0654                   	11,14,15                 
	899                      	11                       	0.0563                   	1,3,4,5,10,11,12,16,17,19,20
	921                      	1                        	0.0299                   	13                       
	943                      	3                        	0.0303                   	5,9,16                   
	944                      	5                        	0.0428                   	3,6,7,8,18               
	958                      	1                        	0.0237                   	16                       
	959                      	2                        	0.0149                   	2,17                     
	961                      	1                        	0.0016                   	2                        
	967                      	1                        	0.0225                   	16                       
	976                      	1                        	0.0451                   	6                        
	980                      	1                        	0.0108                   	4                        
	987                      	4                        	0.0528                   	5,6,16,19                
	990                      	1                        	0.0921                   	20                       
	995                      	5                        	0.0306                   	1,3,15,18,20             
	996                      	1                        	0.0727                   	2                        
	1002                     	4                        	0.0125                   	10,14,18,20              
	1019                     	11                       	0.0342                   	1,3,5,7,8,10,13,15,16,19,20
	1020                     	2                        	0.0203                   	2,6                      
	1021                     	1                        	0.0452                   	2                        
	1030                     	4                        	0.0214                   	1,4,11,12                
	1037                     	2                        	0.0042                   	6,20                     
	1046                     	2                        	0.0239                   	19,20                    
	1052                     	5                        	0.0293                   	3,4,10,18,20             
	1059                     	2                        	0.0312                   	3,4                      
	1064                     	3                        	0.0142                   	3,7,8                    
	1077                     	1                        	0.0422                   	17                       
	1078                     	1                        	0.0422                   	8                        
	1092                     	1                        	0.0417                   	6                        
	1093                     	3                        	0.038                    	6,9,14                   
	1122                     	1                        	0.023                    	14                       
	1137                     	10                       	0.0217                   	1,3,6,7,8,12,13,14,17,18 
	1144                     	2                        	0.0199                   	12,20                    
	1153                     	2                        	0.0629                   	2,10                     
	1155                     	2                        	0.0188                   	2,10                     
	1159                     	7                        	0.0254                   	1,5,12,13,14,15,18       
	1164                     	2                        	0.0081                   	15,17                    
	1166                     	1                        	0.0346                   	2                        
	1183                     	4                        	0.0229                   	1,13,15,18               
	1186                     	2                        	0.074                    	2,10                     
	1193                     	7                        	0.0258                   	1,5,6,8,16,19,20         
	1201                     	1                        	0.0033                   	18                       
	1219                     	1                        	0.0229                   	12                       
	1220                     	3                        	0.0746                   	12,14,15                 
	1223                     	1                        	0.0139                   	2                        
	1225                     	1                        	0.0996                   	17                       
	1230                     	2                        	0.044                    	2,16                     
	1234                     	4                        	0.0336                   	4,6,16,18                
	1248                     	1                        	0.0841                   	8                        
	1252                     	5                        	0.0486                   	4,7,11,14,15             
	1257                     	1                        	0.0742                   	4                        
	1258                     	1                        	0.0608                   	4                        
	1262                     	2                        	0.0056                   	14,19                    
	1264                     	2                        	0.0232                   	13,18                    
	1278                     	6                        	0.1078                   	1,11,13,14,17,20         
	1280                     	2                        	0.0438                   	1,2                      
	1282                     	4                        	0.0221                   	1,2,11,17                
	1283                     	3                        	0.0661                   	8,14,17                  
	1287                     	1                        	0.0088                   	18                       
	1333                     	4                        	0.0495                   	2,4,8,11                 
	1335                     	2                        	0.0033                   	6,18                     
	1358                     	8                        	0.0565                   	2,6,7,10,11,15,18,20     
	1361                     	3                        	0.043                    	8,14,16                  
	1362                     	1                        	0.0222                   	2                        
	1367                     	7                        	0.0497                   	1,6,7,10,14,17,19        
	1377                     	1                        	0.0588                   	5                        
	1390                     	2                        	0.034                    	6,11                     
	1395                     	2                        	0.0323                   	2,4                      
	1402                     	1                        	0.0522                   	12                       
	1409                     	1                        	0.0453                   	10                       
	1410                     	2                        	0.0238                   	2,3                      
	1411                     	8                        	0.0776                   	1,5,8,11,12,13,19,20     
	1418                     	3                        	0.0232                   	1,8,9                    
	1425                     	4                        	0.0312                   	6,11,17,20               
	1427                     	2                        	0.0322                   	11,15                    
	1428                     	2                        	0.0127                   	4,10                     
	1431                     	2                        	0.0259                   	11,19                    
	1432                     	2                        	0.0092                   	10,19                    
	1440                     	2                        	0.1554                   	3,14                     
	1442                     	6                        	0.0215                   	7,8,11,15,17,18          
	1443                     	1                        	0.0008                   	3                        
	1444                     	2                        	0.0787                   	11,17                    
	1445                     	1                        	0.0819                   	19                       
	1447                     	2                        	0.042                    	17,19                    
	1450                     	2                        	0.0035                   	8,13                     
	1451                     	3                        	0.1874                   	12,15,20                 
	1456                     	9                        	0.0371                   	1,8,11,12,13,14,15,19,20 
	1461                     	1                        	0.0054                   	10                       
	1469                     	11                       	0.0324                   	1,2,3,4,7,11,12,17,18,19,20
	1484                     	5                        	0.0289                   	5,7,9,12,19              
	1488                     	15                       	0.0386                   	1,4,5,6,7,8,9,10,13,14,15,16,17,18,19
	1489                     	3                        	0.0231                   	1,4,11                   
	1493                     	6                        	0.0291                   	9,11,12,14,16,18         
	1512                     	1                        	0.0212                   	18                       
	1527                     	3                        	0.0204                   	11,12,19                 
	1537                     	1                        	0.0313                   	4                        
	1541                     	1                        	0.0228                   	20                       
	1552                     	1                        	0.0187                   	3                        
	1553                     	1                        	0.0101                   	14                       
	1554                     	1                        	0.0026                   	16                       
	1561                     	1                        	0.0516                   	6                        
	1563                     	1                        	0.0752                   	3                        
	1567                     	4                        	0.0304                   	10,13,19,20              
	1570                     	1                        	0.0588                   	2                        
	1571                     	13                       	0.0213                   	1,3,4,5,6,8,9,10,11,15,16,19,20
	1572                     	1                        	0.0224                   	14                       
	1591                     	2                        	0.0033                   	3,14                     
	1595                     	1                        	0.0266                   	16                       
	1596                     	2                        	0.0255                   	7,18                     
	1607                     	1                        	0.0495                   	10                       
	1621                     	2                        	0.0203                   	7,8                      
	1622                     	1                        	0.0428                   	8                        
	1625                     	2                        	0.0127                   	4,8                      
	1634                     	1                        	0.0434                   	6                        
	1654                     	1                        	0.0509                   	15                       
	1656                     	1                        	0.1816                   	1                        
	1658                     	2                        	0.0128                   	12,15                    
	1660                     	3                        	0.0135                   	2,5,13                   
	1662                     	1                        	0.0086                   	15                       
	1675                     	7                        	0.0373                   	6,8,9,10,14,19,20        
	1681                     	2                        	0.0039                   	1,4                      
	1688                     	1                        	0.1158                   	2                        
	1706                     	5                        	0.0246                   	3,6,8,9,15               
	1724                     	5                        	0.0252                   	2,7,10,14,18             
	1727                     	1                        	0.0076                   	15                       
	1728                     	1                        	0.0122                   	2                        
	1738                     	5                        	0.0161                   	4,6,10,11,13             
	1745                     	3                        	0.0284                   	5,11,14                  
	1746                     	3                        	0.0208                   	7,14,18                  
	1747                     	6                        	0.0351                   	2,6,8,10,13,20           
	1748                     	5                        	0.0124                   	1,5,7,17,18              
	1749                     	2                        	0.0147                   	14,15                    
	1750                     	2                        	0.0543                   	4,14                     
	1751                     	1                        	0.013                    	11                       
	1782                     	4                        	0.0256                   	5,7,13,16                
	1821                     	1                        	0.0192                   	14                       
	1823                     	1                        	0.0555                   	19                       
	1836                     	5                        	0.0576                   	5,7,8,9,16               
	1837                     	1                        	0.0303                   	19                       
	1846                     	2                        	0.0139                   	4,10                     
	1849                     	1                        	0.1334                   	19                       
	1873                     	1                        	0.0339                   	1                        
	1874                     	2                        	0.0027                   	1,9                      
	1876                     	1                        	0.0004                   	17                       
	1877                     	1                        	0.0334                   	3                        
	1879                     	2                        	0.0453                   	14,20                    
	1881                     	4                        	0.0358                   	7,9,11,12                
	1882                     	3                        	0.0055                   	10,11,17                 
	1887                     	1                        	0.0397                   	10                       
	1889                     	1                        	0.0268                   	10                       
	1907                     	1                        	0.0123                   	18                       
	1948                     	1                        	0.012                    	20                       
	1951                     	4                        	0.0301                   	8,9,11,12                
	1956                     	3                        	0.0161                   	3,7,17                   
	1967                     	3                        	0.0533                   	3,13,14                  
	1971                     	1                        	0.2807                   	3                        
	1977                     	1                        	0.0049                   	3                        
	1991                     	2                        	0.0263                   	3,20                     
	1994                     	3                        	0.0326                   	3,6,10                   
	1995                     	1                        	0.0059                   	20                       
	1996                     	2                        	0.0227                   	2,15                     
	1997                     	1                        	0.0196                   	8                        
	1998                     	7                        	0.0348                   	1,2,4,8,9,12,17          
	2013                     	1                        	0.0373                   	3                        
	2017                     	5                        	0.0409                   	2,10,15,17,19            
	2019                     	1                        	0.0009                   	3                        
	2020                     	1                        	0.0857                   	6                        
	2023                     	2                        	0.0264                   	7,17                     
	2024                     	4                        	0.0222                   	3,8,16,19                
	2029                     	2                        	0.0665                   	3,6                      
	2031                     	9                        	0.0643                   	2,6,7,10,13,14,15,17,19  
	2032                     	1                        	0.0113                   	5                        
	2035                     	1                        	0.034                    	6                        
	2053                     	1                        	0.006                    	9                        
	2075                     	1                        	0.0497                   	3                        
	2076                     	3                        	0.0046                   	1,4,13                   
	2077                     	2                        	0.0246                   	14,20                    
	2078                     	1                        	0.0238                   	10                       
	2090                     	1                        	0.0098                   	13                       
	2091                     	2                        	0.0381                   	4,11                     
	2101                     	1                        	0.0257                   	2                        
	2104                     	2                        	0.0473                   	7,14                     
	2119                     	1                        	0.0009                   	3                        
	2126                     	1                        	0.1097                   	19                       
	2127                     	4                        	0.051                    	1,3,8,19                 
	2128                     	1                        	0.0308                   	8                        
	2129                     	1                        	0.0148                   	12                       
	2134                     	4                        	0.0221                   	2,3,8,11                 
	2151                     	13                       	0.0585                   	1,2,4,5,6,8,10,11,14,16,17,19,20
	2152                     	2                        	0.0413                   	2,20                     
	2153                     	1                        	0.054                    	3                        
	2155                     	1                        	0.001                    	12                       
	2156                     	1                        	0.1841                   	12                       
	2157                     	2                        	0.111                    	2,12                     
	2162                     	8                        	0.0193                   	2,5,7,9,12,13,16,17      
	2167                     	2                        	0.028                    	7,8                      
	2179                     	2                        	0.0308                   	14,17                    
	2184                     	3                        	0.0136                   	11,14,15                 
	2196                     	2                        	0.0339                   	3,6                      
	2201                     	2                        	0.0096                   	7,19                     
	2213                     	1                        	0.0259                   	2                        
	2225                     	2                        	0.0782                   	2,5                      
	2228                     	1                        	0.0044                   	2                        
	2269                     	4                        	0.0214                   	3,6,10,15                
	2276                     	4                        	0.0565                   	1,7,17,18                
	2277                     	1                        	0.0058                   	18                       
	2285                     	2                        	0.051                    	3,8                      
	2287                     	2                        	0.022                    	3,8                      
	2291                     	1                        	0.0179                   	7                        
	2296                     	1                        	0.0513                   	15                       
	2298                     	1                        	0.0233                   	9                        
	2318                     	3                        	0.0712                   	3,8,18                   
	2325                     	8                        	0.0337                   	2,11,12,13,14,16,19,20   
	2333                     	1                        	0.0329                   	8                        
	2351                     	1                        	0.0532                   	18                       
	2352                     	1                        	0.1401                   	18                       
	2356                     	1                        	0.0118                   	17                       
	2357                     	3                        	0.0434                   	4,13,15                  
	2362                     	3                        	0.0379                   	2,5,14                   
	2366                     	5                        	0.0687                   	5,6,12,17,19             
	2379                     	1                        	0.0139                   	18                       
	2384                     	3                        	0.1128                   	5,12,14                  
	2386                     	1                        	0.0044                   	18                       
	2388                     	1                        	0.1819                   	16                       
	2389                     	1                        	0.0161                   	7                        
	1                        	20                       	0.029                    	1,2,3,4,5,6,7,8,9,10,11,12,13,14,15,16,17,18,19,20
	3                        	10                       	0.0163                   	1,3,4,6,8,14,16,17,18,19 
	7                        	2                        	0.0063                   	8,20                     
	9                        	6                        	0.0141                   	3,6,8,9,11,18            
	11                       	7                        	0.0166                   	3,8,9,14,15,16,20        
	13                       	1                        	0.0189                   	16                       
	15                       	1                        	0.0091                   	11                       
	17                       	15                       	0.0204                   	1,2,4,5,6,7,8,9,10,11,12,14,15,19,20
	19                       	4                        	0.0304                   	3,6,8,16                 
	21                       	1                        	0.0245                   	2                        
	23                       	8                        	0.0099                   	2,8,11,12,13,14,16,17    
	27                       	7                        	0.0173                   	2,4,8,9,12,14,20         
	29                       	7                        	0.0178                   	1,2,3,6,7,15,19          
	31                       	7                        	0.0201                   	3,5,9,11,12,18,20        
	37                       	3                        	0.0108                   	2,14,19                  
	41                       	2                        	0.0053                   	5,8                      
	43                       	20                       	0.0234                   	1,2,3,4,5,6,7,8,9,10,11,12,13,14,15,16,17,18,19,20
	45                       	1                        	0.0114                   	11                       
	51                       	6                        	0.0123                   	1,3,11,12,15,16          
	53                       	5                        	0.0232                   	3,4,5,11,17              
	59                       	15                       	0.013                    	1,4,5,7,8,9,10,11,13,14,15,16,17,18,20
	61                       	1                        	0.0086                   	13                       
	67                       	5                        	0.0137                   	2,4,6,13,18              
	69                       	15                       	0.0201                   	1,3,6,8,9,10,11,12,13,14,15,16,17,19,20
	70                       	2                        	0.0522                   	14,15                    
	71                       	5                        	0.0371                   	5,11,12,14,15            
	72                       	1                        	0.0115                   	12                       
	75                       	4                        	0.011                    	3,12,18,19               
	79                       	7                        	0.0258                   	2,4,6,7,8,10,16          
	81                       	1                        	0.0111                   	16                       
	83                       	1                        	0.0037                   	18                       
	85                       	4                        	0.0148                   	2,4,16,20                
	89                       	5                        	0.0107                   	3,4,8,14,16              
	93                       	6                        	0.0141                   	1,5,6,7,13,17            
	95                       	2                        	0.0066                   	5,17                     
	103                      	8                        	0.0148                   	4,5,8,9,13,14,15,16      
	105                      	2                        	0.0136                   	16,18                    
	109                      	5                        	0.0188                   	3,6,11,13,20             
	111                      	1                        	0.0146                   	12                       
	115                      	20                       	0.0334                   	1,2,3,4,5,6,7,8,9,10,11,12,13,14,15,16,17,18,19,20
	117                      	9                        	0.0292                   	1,3,4,9,11,12,15,19,20   
	118                      	1                        	0.0069                   	9                        
	121                      	6                        	0.01                     	2,5,6,7,8,14             
	123                      	5                        	0.0236                   	4,7,11,15,18             
	125                      	11                       	0.0257                   	1,3,4,5,7,8,10,11,12,13,16
	126                      	1                        	0.018                    	4                        
	127                      	2                        	0.0073                   	5,7                      
	131                      	13                       	0.0312                   	1,2,3,4,6,9,11,13,14,15,16,17,18
	133                      	8                        	0.0159                   	3,6,8,10,12,14,15,16     
	135                      	2                        	0.0234                   	8,17                     
	137                      	8                        	0.012                    	5,8,11,14,15,16,19,20    
	141                      	8                        	0.007                    	3,5,6,12,13,15,16,18     
	143                      	11                       	0.0233                   	1,2,3,4,7,9,10,13,17,19,20
	144                      	1                        	0.0141                   	19                       
	145                      	7                        	0.0289                   	1,2,7,9,11,16,18         
	151                      	2                        	0.0061                   	14,16                    
	155                      	2                        	0.007                    	4,7                      
	157                      	20                       	0.0251                   	1,2,3,4,5,6,7,8,9,10,11,12,13,14,15,16,17,18,19,20
	159                      	1                        	0.0131                   	18                       
	165                      	5                        	0.0116                   	7,8,9,12,16              
	167                      	3                        	0.0168                   	6,11,14                  
	171                      	2                        	0.0155                   	3,12                     
	173                      	11                       	0.0126                   	5,6,7,9,10,13,15,16,17,19,20
	175                      	1                        	0.0067                   	7                        
	177                      	1                        	0.0075                   	3                        
	181                      	6                        	0.0171                   	4,7,10,15,17,18          
	183                      	10                       	0.0232                   	1,3,6,8,11,12,13,14,16,20
	184                      	1                        	0.0584                   	3                        
	185                      	2                        	0.0251                   	3,6                      
	189                      	7                        	0.0084                   	4,6,8,9,11,12,17         
	191                      	2                        	0.0162                   	11,15                    
	193                      	7                        	0.0233                   	2,7,9,12,15,16,18        
	195                      	3                        	0.0122                   	9,12,19                  
	197                      	1                        	0.0023                   	15                       
	199                      	5                        	0.0148                   	1,3,5,9,16               
	203                      	4                        	0.0155                   	8,13,15,17               
	207                      	6                        	0.0053                   	1,2,3,5,6,16             
	211                      	2                        	0.0203                   	12,14                    
	217                      	7                        	0.0071                   	5,7,9,12,14,16,20        
	223                      	10                       	0.0246                   	4,5,7,8,9,10,14,16,17,18 
	225                      	1                        	0.0003                   	18                       
	227                      	1                        	0.0183                   	4                        

2.3 Distance restraint violations summary
-----------------------------------------

	                                                                 	Intrresidue         	Sequential          	Medium-range        	Long-range          	Total               

	Number of consistently violated restraints (violated in all models)	     0 (0.0%)       	     0 (0.0%)       	     4 (0.15%)      	     0 (0.0%)       	     4 (0.15%)      
	Number of violated restraints (at least in one model)            	    53 (2.02%)      	    40 (1.53%)      	   169 (6.46%)      	   203 (7.75%)      	   465 (17.76%)     
	Number of non violated restraints                                	   519 (19.82%)     	   552 (21.08%)     	   613 (23.41%)     	   469 (17.91%)     	  2153 (82.24%)     
	Total number of restraints                                       	   572 (21.85%)     	   592 (22.61%)     	   782 (29.87%)     	   672 (25.67%)     	  2618 (100.0%)     


2.4 List of largest 10 distance violations
------------------------------------------

	Restraint ID                  	Model ID                      	|Exp. value - Model value|A   

	1451                          	15                            	0.2985                        
	1440                          	3                             	0.2835                        
	1971                          	3                             	0.2807                        
	839                           	15                            	0.2552                        
	839                           	14                            	0.2464                        
	1278                          	17                            	0.2139                        
	2384                          	14                            	0.2108                        
	42                            	11                            	0.1962                        
	2156                          	12                            	0.1841                        
	2388                          	16                            	0.1819                        


2.5 List of largest 10 average distance violations
--------------------------------------------------

	Restraint ID                  	Number of Models              	|Exp. value - Model value|A   

	1971                          	1                             	0.2807                        
	839                           	2                             	0.2508                        
	1451                          	3                             	0.1874                        
	2156                          	1                             	0.1841                        
	2388                          	1                             	0.1819                        
	1656                          	1                             	0.1816                        
	848                           	1                             	0.1723                        
	1440                          	2                             	0.1554                        
	2352                          	1                             	0.1401                        
	1849                          	1                             	0.1334                        
========================================================================================================================

3. Angle restraints summary
---------------------------

	Total number of restraints                                    =   336 (100.0%)
	Torsion angle Name PHI                                        =   168 (50.0%)
	Torsion angle Name PSI                                        =   168 (50.0%)


4. Angle restraint violations
------------------------------

4.1 Number of violated restraints for each model
------------------------------------------------

       Model	Not Violated (%)	    Violated (%)	         0-5 (%)	        5-10 (%)	       10-20 (%)	       20-40 (%)	       40-80 (%)	         >80 (%)

           1	         330(98.21)	           6(1.79)	           6(1.79)	           0(0.0)	           0(0.0)	           0(0.0)	           0(0.0)	           0(0.0)
           2	         330(98.21)	           6(1.79)	           6(1.79)	           0(0.0)	           0(0.0)	           0(0.0)	           0(0.0)	           0(0.0)
           3	         325(96.73)	          11(3.27)	          11(3.27)	           0(0.0)	           0(0.0)	           0(0.0)	           0(0.0)	           0(0.0)
           4	         330(98.21)	           6(1.79)	           6(1.79)	           0(0.0)	           0(0.0)	           0(0.0)	           0(0.0)	           0(0.0)
           5	         328(97.62)	           8(2.38)	           8(2.38)	           0(0.0)	           0(0.0)	           0(0.0)	           0(0.0)	           0(0.0)
           6	         330(98.21)	           6(1.79)	           6(1.79)	           0(0.0)	           0(0.0)	           0(0.0)	           0(0.0)	           0(0.0)
           7	         332(98.81)	           4(1.19)	           4(1.19)	           0(0.0)	           0(0.0)	           0(0.0)	           0(0.0)	           0(0.0)
           8	         331(98.51)	           5(1.49)	           5(1.49)	           0(0.0)	           0(0.0)	           0(0.0)	           0(0.0)	           0(0.0)
           9	         326(97.02)	          10(2.98)	          10(2.98)	           0(0.0)	           0(0.0)	           0(0.0)	           0(0.0)	           0(0.0)
          10	         329(97.92)	           7(2.08)	           7(2.08)	           0(0.0)	           0(0.0)	           0(0.0)	           0(0.0)	           0(0.0)
          11	         328(97.62)	           8(2.38)	           8(2.38)	           0(0.0)	           0(0.0)	           0(0.0)	           0(0.0)	           0(0.0)
          12	         328(97.62)	           8(2.38)	           8(2.38)	           0(0.0)	           0(0.0)	           0(0.0)	           0(0.0)	           0(0.0)
          13	         329(97.92)	           7(2.08)	           7(2.08)	           0(0.0)	           0(0.0)	           0(0.0)	           0(0.0)	           0(0.0)
          14	         328(97.62)	           8(2.38)	           8(2.38)	           0(0.0)	           0(0.0)	           0(0.0)	           0(0.0)	           0(0.0)
          15	         332(98.81)	           4(1.19)	           4(1.19)	           0(0.0)	           0(0.0)	           0(0.0)	           0(0.0)	           0(0.0)
          16	         330(98.21)	           6(1.79)	           6(1.79)	           0(0.0)	           0(0.0)	           0(0.0)	           0(0.0)	           0(0.0)
          17	         331(98.51)	           5(1.49)	           5(1.49)	           0(0.0)	           0(0.0)	           0(0.0)	           0(0.0)	           0(0.0)
          18	         324(96.43)	          12(3.57)	          12(3.57)	           0(0.0)	           0(0.0)	           0(0.0)	           0(0.0)	           0(0.0)
          19	         330(98.21)	           6(1.79)	           6(1.79)	           0(0.0)	           0(0.0)	           0(0.0)	           0(0.0)	           0(0.0)
          20	         332(98.81)	           4(1.19)	           4(1.19)	           0(0.0)	           0(0.0)	           0(0.0)	           0(0.0)	           0(0.0)


4.2 Number of violated models for each restraint
------------------------------------------------

	Restraint ID             	No. of Violated Models   	Average Violation(A)     	Violated Models          

	32                       	6                        	0.6748                   	1,4,11,14,18,19          
	34                       	2                        	0.6627                   	2,6                      
	35                       	1                        	0.4166                   	10                       
	36                       	4                        	0.7678                   	7,9,12,14                
	55                       	8                        	0.7492                   	1,3,6,9,10,11,16,18      
	75                       	1                        	0.0569                   	3                        
	78                       	6                        	0.3199                   	8,12,13,16,19,20         
	80                       	1                        	1.1433                   	11                       
	104                      	2                        	1.9315                   	14,15                    
	106                      	2                        	1.3896                   	14,15                    
	112                      	1                        	0.1908                   	20                       
	114                      	2                        	0.1862                   	4,5                      
	115                      	2                        	0.2004                   	5,13                     
	116                      	5                        	0.9738                   	2,4,5,10,12              
	117                      	1                        	0.0732                   	7                        
	118                      	4                        	0.7769                   	3,7,13,17                
	119                      	1                        	0.5754                   	16                       
	123                      	1                        	0.745                    	17                       
	125                      	2                        	0.5665                   	6,9                      
	129                      	1                        	0.2765                   	18                       
	131                      	7                        	0.7887                   	1,5,12,13,15,17,18       
	162                      	1                        	0.3183                   	6                        
	164                      	1                        	0.4447                   	12                       
	166                      	1                        	1.338                    	3                        
	168                      	5                        	1.3033                   	3,13,14,16,18            
	169                      	1                        	1.3133                   	1                        
	170                      	1                        	0.7678                   	18                       
	200                      	4                        	0.8759                   	10,14,18,19              
	202                      	1                        	1.495                    	17                       
	204                      	3                        	0.9592                   	3,5,16                   
	206                      	1                        	1.5357                   	9                        
	221                      	2                        	0.2086                   	6,18                     
	222                      	1                        	1.7512                   	9                        
	223                      	5                        	0.7923                   	2,8,11,19,20             
	246                      	11                       	0.5954                   	2,3,5,7,8,9,10,15,16,19,20
	248                      	2                        	0.2336                   	6,18                     
	272                      	1                        	3.1586                   	3                        
	274                      	1                        	2.1118                   	3                        
	282                      	1                        	0.4385                   	1                        
	283                      	2                        	0.7267                   	12,17                    
	284                      	1                        	1.2888                   	9                        
	285                      	3                        	0.2891                   	9,10,13                  
	286                      	1                        	0.7442                   	10                       
	287                      	1                        	0.47                     	11                       
	288                      	1                        	0.3071                   	3                        
	291                      	2                        	0.2348                   	5,14                     
	293                      	5                        	0.6428                   	2,8,12,13,19             
	296                      	4                        	0.7035                   	1,3,8,11                 
	297                      	1                        	0.7074                   	9                        
	299                      	3                        	0.3855                   	4,11,18                  
	331                      	2                        	0.937                    	4,18                     
	332                      	1                        	0.3715                   	4                        
	334                      	1                        	0.1818                   	18                       
	336                      	6                        	0.7656                   	2,5,9,11,12,14           

4.3 Angle restraint violations summary
--------------------------------------

	Number of consistently violated restraints (violated in all models)     =     0 (0.0%)
	Number of violated restraints (at least in one model)                   =    54 (16.07%)
	Number of non violated restraints                                       =   282 (83.93%)
	Total number of restraints                                              =   336 (100.0%)


4.4 List of largest 10 angle violations
---------------------------------------

	Restraint ID                  	Model ID                      	|Exp. value - Model value|A   

	272                           	3                             	3.1586                        
	168                           	3                             	2.8758                        
	104                           	14                            	2.1517                        
	274                           	3                             	2.1118                        
	118                           	13                            	1.948                         
	116                           	2                             	1.8182                        
	131                           	12                            	1.8139                        
	222                           	9                             	1.7512                        
	104                           	15                            	1.7113                        
	204                           	5                             	1.65                          


4.5 List of largest 10 average angle violations
-----------------------------------------------

	Restraint ID                  	Number of models              	|Exp. value - Model value|A   

	272                           	1                             	3.1586                        
	274                           	1                             	2.1118                        
	104                           	2                             	1.9315                        
	222                           	1                             	1.7512                        
	206                           	1                             	1.5357                        
	202                           	1                             	1.495                         
	106                           	2                             	1.3896                        
	166                           	1                             	1.338                         
	169                           	1                             	1.3133                        
	168                           	5                             	1.3033                        
========================================================================================================================

