1. Distance restraints summary
------------------------------

	Total number of restraints                                    =  4973 (100.0%)
	Intraresidue restraints |i-j|=0                               =  1139 (22.9%)
	Sequential restraints |i-j|=1                                 =  1063 (21.38%)
	Medium range  restraints|i-j|>1 and |i-j|<5                   =  1422 (28.59%)
	Long range restraints|i-j|>=5                                 =  1349 (27.13%)


2. Distance restraint violations
--------------------------------

2.1 Number of violated restraints for each model
------------------------------------------------

       Model	    Not Violated(%)	        Violated(%)	         0A-0.2A(%)	       0.2A-0.5A(%)	       0.5A-1.0A(%)	       1.0A-2.0A(%)	       2.0A-5.0A(%)	           >5.0A(%)

           1	        4864(97.81)	         109(2.19)	         106(2.13)	           3(0.06)	           0(0.0)	           0(0.0)	           0(0.0)	           0(0.0)
           2	        4857(97.67)	         116(2.33)	         113(2.27)	           3(0.06)	           0(0.0)	           0(0.0)	           0(0.0)	           0(0.0)
           3	        4852(97.57)	         121(2.43)	         116(2.33)	           5(0.1)	           0(0.0)	           0(0.0)	           0(0.0)	           0(0.0)
           4	        4849(97.51)	         124(2.49)	         123(2.47)	           1(0.02)	           0(0.0)	           0(0.0)	           0(0.0)	           0(0.0)
           5	        4869(97.91)	         104(2.09)	         100(2.01)	           4(0.08)	           0(0.0)	           0(0.0)	           0(0.0)	           0(0.0)
           6	        4876(98.05)	          97(1.95)	          92(1.85)	           5(0.1)	           0(0.0)	           0(0.0)	           0(0.0)	           0(0.0)
           7	        4862(97.77)	         111(2.23)	         108(2.17)	           3(0.06)	           0(0.0)	           0(0.0)	           0(0.0)	           0(0.0)
           8	        4868(97.89)	         105(2.11)	         103(2.07)	           2(0.04)	           0(0.0)	           0(0.0)	           0(0.0)	           0(0.0)
           9	        4860(97.73)	         113(2.27)	         110(2.21)	           3(0.06)	           0(0.0)	           0(0.0)	           0(0.0)	           0(0.0)
          10	        4868(97.89)	         105(2.11)	         103(2.07)	           2(0.04)	           0(0.0)	           0(0.0)	           0(0.0)	           0(0.0)
          11	        4881(98.15)	          92(1.85)	          91(1.83)	           1(0.02)	           0(0.0)	           0(0.0)	           0(0.0)	           0(0.0)
          12	        4875(98.03)	          98(1.97)	          95(1.91)	           3(0.06)	           0(0.0)	           0(0.0)	           0(0.0)	           0(0.0)
          13	        4844(97.41)	         129(2.59)	         126(2.53)	           3(0.06)	           0(0.0)	           0(0.0)	           0(0.0)	           0(0.0)
          14	        4864(97.81)	         109(2.19)	         106(2.13)	           3(0.06)	           0(0.0)	           0(0.0)	           0(0.0)	           0(0.0)
          15	        4865(97.83)	         108(2.17)	         104(2.09)	           4(0.08)	           0(0.0)	           0(0.0)	           0(0.0)	           0(0.0)
          16	        4875(98.03)	          98(1.97)	          96(1.93)	           2(0.04)	           0(0.0)	           0(0.0)	           0(0.0)	           0(0.0)
          17	        4864(97.81)	         109(2.19)	         105(2.11)	           4(0.08)	           0(0.0)	           0(0.0)	           0(0.0)	           0(0.0)
          18	        4867(97.87)	         106(2.13)	         102(2.05)	           4(0.08)	           0(0.0)	           0(0.0)	           0(0.0)	           0(0.0)
          19	        4864(97.81)	         109(2.19)	         106(2.13)	           3(0.06)	           0(0.0)	           0(0.0)	           0(0.0)	           0(0.0)
          20	        4871(97.95)	         102(2.05)	          97(1.95)	           5(0.1)	           0(0.0)	           0(0.0)	           0(0.0)	           0(0.0)


2.2 Number of violated models for each restraint
------------------------------------------------

	Restraint ID             	No. of Violated Models   	Average Violation(A)     	Violated Models          

	5                        	1                        	0.0401                   	20                       
	74                       	2                        	0.0246                   	3,18                     
	200                      	2                        	0.0534                   	3,13                     
	269                      	19                       	0.0353                   	1,2,4,5,6,7,8,9,10,11,12,13,14,15,16,17,18,19,20
	280                      	15                       	0.0528                   	1,2,4,6,8,9,10,11,12,13,15,16,18,19,20
	368                      	1                        	0.0513                   	17                       
	394                      	19                       	0.1056                   	1,3,4,5,6,7,8,9,10,11,12,13,14,15,16,17,18,19,20
	416                      	1                        	0.0899                   	17                       
	441                      	2                        	0.177                    	7,17                     
	450                      	4                        	0.0285                   	9,10,12,14               
	507                      	2                        	0.2381                   	3,9                      
	535                      	3                        	0.0322                   	3,11,19                  
	552                      	3                        	0.0423                   	3,6,10                   
	580                      	12                       	0.1003                   	1,2,3,4,5,6,7,8,13,15,16,18
	581                      	3                        	0.0436                   	6,9,17                   
	601                      	1                        	0.0163                   	9                        
	602                      	1                        	0.1384                   	5                        
	620                      	16                       	0.0687                   	1,2,3,4,5,7,8,9,10,11,13,15,17,18,19,20
	621                      	1                        	0.0025                   	13                       
	633                      	1                        	0.0076                   	17                       
	852                      	5                        	0.0304                   	3,5,10,11,16             
	876                      	2                        	0.0168                   	4,14                     
	1024                     	4                        	0.0227                   	1,2,18,19                
	1027                     	2                        	0.0166                   	4,17                     
	1028                     	3                        	0.0146                   	7,9,13                   
	1030                     	6                        	0.0441                   	2,4,5,10,12,17           
	1048                     	18                       	0.0847                   	1,2,3,4,5,6,7,8,9,10,11,12,14,16,17,18,19,20
	1049                     	2                        	0.0738                   	2,11                     
	1052                     	6                        	0.0664                   	6,8,12,13,18,20          
	1064                     	5                        	0.069                    	4,7,16,18,20             
	1065                     	4                        	0.06                     	2,14,19,20               
	1073                     	4                        	0.0258                   	2,4,13,14                
	1086                     	2                        	0.0069                   	15,18                    
	1088                     	5                        	0.0215                   	2,4,6,13,20              
	1100                     	3                        	0.056                    	7,17,18                  
	1109                     	1                        	0.0269                   	20                       
	1152                     	2                        	0.214                    	7,15                     
	1155                     	2                        	0.0132                   	4,20                     
	1160                     	2                        	0.0231                   	9,17                     
	1161                     	1                        	0.046                    	8                        
	1166                     	1                        	0.0121                   	18                       
	1199                     	1                        	0.0263                   	7                        
	1206                     	1                        	0.0127                   	4                        
	1218                     	4                        	0.0721                   	3,4,13,14                
	1219                     	1                        	0.0129                   	1                        
	1248                     	1                        	0.0518                   	18                       
	1249                     	3                        	0.0449                   	4,11,13                  
	1278                     	2                        	0.0233                   	4,9                      
	1305                     	4                        	0.0419                   	5,7,12,15                
	1316                     	3                        	0.0274                   	7,12,14                  
	1317                     	1                        	0.0006                   	14                       
	1320                     	5                        	0.0594                   	5,10,13,17,18            
	1322                     	11                       	0.1102                   	1,2,3,4,6,9,10,11,14,18,19
	1332                     	4                        	0.0233                   	1,3,6,9                  
	1350                     	2                        	0.0229                   	5,7                      
	1358                     	4                        	0.0221                   	8,11,14,18               
	1359                     	1                        	0.0014                   	2                        
	1434                     	12                       	0.0336                   	2,3,4,5,8,11,12,13,14,15,18,20
	1438                     	19                       	0.0895                   	1,2,3,4,6,7,8,9,10,11,12,13,14,15,16,17,18,19,20
	1441                     	2                        	0.0499                   	2,5                      
	1468                     	15                       	0.0867                   	1,2,4,5,7,9,10,11,12,13,14,15,16,17,18
	1478                     	2                        	0.0602                   	9,14                     
	1481                     	1                        	0.0093                   	9                        
	1485                     	14                       	0.0544                   	1,2,4,5,6,9,10,11,13,15,16,17,18,20
	1506                     	1                        	0.0089                   	4                        
	1557                     	1                        	0.0111                   	13                       
	1583                     	2                        	0.0521                   	7,17                     
	1587                     	7                        	0.0501                   	1,2,6,9,17,19,20         
	1708                     	14                       	0.0685                   	2,3,4,7,8,9,10,12,13,14,15,16,17,19
	1716                     	2                        	0.0344                   	2,16                     
	1747                     	16                       	0.0717                   	1,2,3,4,5,6,8,9,10,12,13,14,15,16,17,19
	1819                     	13                       	0.0705                   	1,2,3,6,7,9,13,15,16,17,18,19,20
	1823                     	1                        	0.162                    	6                        
	1863                     	5                        	0.0516                   	1,2,3,17,19              
	1875                     	1                        	0.0161                   	2                        
	1883                     	1                        	0.4003                   	6                        
	1924                     	3                        	0.0218                   	3,4,13                   
	2017                     	7                        	0.1526                   	5,7,12,13,15,17,20       
	2060                     	3                        	0.0457                   	8,12,13                  
	2081                     	2                        	0.1312                   	8,12                     
	2091                     	2                        	0.0607                   	8,10                     
	2104                     	9                        	0.0805                   	2,3,4,5,7,11,14,18,19    
	2166                     	1                        	0.0039                   	2                        
	2190                     	2                        	0.0316                   	5,10                     
	2200                     	1                        	0.0514                   	13                       
	2290                     	17                       	0.0356                   	1,2,3,4,5,6,7,8,9,10,11,14,15,16,17,18,20
	2348                     	4                        	0.0885                   	4,9,13,14                
	2377                     	7                        	0.0333                   	2,4,7,9,10,11,20         
	2382                     	2                        	0.0452                   	3,15                     
	2388                     	5                        	0.0527                   	3,6,13,15,17             
	2429                     	20                       	0.0955                   	1,2,3,4,5,6,7,8,9,10,11,12,13,14,15,16,17,18,19,20
	2457                     	20                       	0.0701                   	1,2,3,4,5,6,7,8,9,10,11,12,13,14,15,16,17,18,19,20
	2465                     	1                        	0.2104                   	20                       
	2468                     	1                        	0.0045                   	15                       
	2475                     	15                       	0.0482                   	1,2,7,8,9,10,11,12,13,14,15,16,17,18,19
	2476                     	8                        	0.0468                   	4,5,6,7,9,14,15,17       
	2484                     	1                        	0.0099                   	16                       
	2485                     	1                        	0.0199                   	4                        
	2488                     	2                        	0.0319                   	6,14                     
	2490                     	2                        	0.0101                   	4,13                     
	2499                     	2                        	0.0071                   	3,9                      
	2502                     	18                       	0.2819                   	1,2,4,5,6,7,8,10,11,12,13,14,15,16,17,18,19,20
	2505                     	1                        	0.0242                   	13                       
	2506                     	3                        	0.0407                   	4,9,13                   
	2534                     	2                        	0.1012                   	2,3                      
	2535                     	2                        	0.0489                   	2,3                      
	2538                     	12                       	0.0489                   	3,4,5,6,8,10,11,13,15,16,17,19
	2543                     	1                        	0.1267                   	3                        
	2544                     	2                        	0.0178                   	5,16                     
	2577                     	1                        	0.023                    	1                        
	2581                     	5                        	0.0674                   	3,6,9,13,20              
	2585                     	4                        	0.0873                   	2,5,14,20                
	2587                     	1                        	0.0166                   	17                       
	2598                     	6                        	0.033                    	1,3,4,9,11,14            
	2619                     	1                        	0.0024                   	15                       
	2628                     	10                       	0.0518                   	1,2,3,4,5,9,12,13,17,19  
	2629                     	1                        	0.0722                   	17                       
	2631                     	1                        	0.0185                   	20                       
	2641                     	4                        	0.0214                   	5,11,13,14               
	2647                     	9                        	0.0515                   	1,2,3,8,9,12,15,16,19    
	2649                     	2                        	0.0239                   	3,9                      
	2654                     	2                        	0.0255                   	4,10                     
	2655                     	1                        	0.0102                   	8                        
	2667                     	1                        	0.0614                   	17                       
	2672                     	1                        	0.0703                   	8                        
	2675                     	1                        	0.0288                   	5                        
	2676                     	1                        	0.028                    	5                        
	2677                     	16                       	0.1201                   	1,2,3,4,5,7,9,10,11,13,15,16,17,18,19,20
	2678                     	1                        	0.0207                   	12                       
	2681                     	13                       	0.0459                   	1,2,3,4,5,6,7,8,9,13,15,18,19
	2683                     	7                        	0.0248                   	2,7,10,13,15,16,20       
	2684                     	5                        	0.0221                   	1,4,5,19,20              
	2687                     	7                        	0.0218                   	5,6,10,12,14,16,20       
	2688                     	2                        	0.1145                   	12,14                    
	2689                     	1                        	0.0077                   	13                       
	2718                     	2                        	0.037                    	3,11                     
	2720                     	7                        	0.1688                   	1,5,11,15,17,18,20       
	2731                     	3                        	0.0464                   	4,7,20                   
	2743                     	15                       	0.0579                   	1,2,4,5,6,7,8,11,12,13,14,16,17,18,19
	2745                     	1                        	0.0124                   	10                       
	2766                     	4                        	0.0823                   	2,4,7,16                 
	2769                     	1                        	0.0099                   	20                       
	2780                     	2                        	0.0224                   	2,20                     
	2789                     	2                        	0.0408                   	4,6                      
	2811                     	2                        	0.053                    	3,13                     
	2826                     	5                        	0.0537                   	3,8,14,17,18             
	2827                     	12                       	0.0555                   	1,2,4,7,8,10,11,12,14,15,17,19
	2829                     	1                        	0.0282                   	17                       
	2831                     	1                        	0.0464                   	17                       
	2833                     	13                       	0.0637                   	1,2,3,5,6,8,9,10,14,15,18,19,20
	2835                     	1                        	0.0145                   	20                       
	2836                     	1                        	0.1314                   	18                       
	2838                     	2                        	0.0297                   	4,9                      
	2857                     	1                        	0.0233                   	18                       
	2858                     	4                        	0.0224                   	5,15,17,19               
	2873                     	2                        	0.0326                   	10,15                    
	2889                     	1                        	0.0639                   	4                        
	2920                     	2                        	0.0552                   	1,15                     
	2924                     	1                        	0.0159                   	2                        
	2932                     	18                       	0.1177                   	1,3,4,5,7,8,9,10,11,12,13,14,15,16,17,18,19,20
	2939                     	1                        	0.1698                   	2                        
	2940                     	17                       	0.0971                   	1,2,3,4,5,7,8,9,10,11,13,15,16,17,18,19,20
	2941                     	1                        	0.0476                   	2                        
	2945                     	9                        	0.0524                   	1,2,3,4,7,10,13,17,18    
	2978                     	4                        	0.0527                   	4,5,13,14                
	2982                     	1                        	0.0405                   	7                        
	3008                     	17                       	0.1645                   	1,2,3,5,6,7,8,9,11,12,13,15,16,17,18,19,20
	3010                     	2                        	0.0447                   	4,14                     
	3014                     	3                        	0.0718                   	15,16,17                 
	3026                     	1                        	0.0341                   	15                       
	3037                     	1                        	0.0749                   	14                       
	3050                     	1                        	0.0033                   	9                        
	3082                     	3                        	0.0458                   	13,17,19                 
	3084                     	20                       	0.1089                   	1,2,3,4,5,6,7,8,9,10,11,12,13,14,15,16,17,18,19,20
	3087                     	1                        	0.1086                   	18                       
	3088                     	1                        	0.0277                   	19                       
	3089                     	2                        	0.0221                   	5,12                     
	3091                     	1                        	0.0396                   	19                       
	3103                     	3                        	0.066                    	4,12,17                  
	3115                     	1                        	0.0464                   	15                       
	3124                     	6                        	0.029                    	1,11,13,16,17,19         
	3149                     	1                        	0.0045                   	2                        
	3152                     	2                        	0.0439                   	19,20                    
	3219                     	2                        	0.0138                   	5,7                      
	3231                     	3                        	0.047                    	2,6,18                   
	3245                     	5                        	0.0646                   	2,7,13,15,17             
	3258                     	4                        	0.0402                   	7,13,15,17               
	3261                     	1                        	0.0098                   	7                        
	3262                     	3                        	0.082                    	7,15,20                  
	3263                     	6                        	0.0543                   	1,2,3,6,8,16             
	3277                     	3                        	0.0152                   	10,14,19                 
	3285                     	2                        	0.039                    	5,7                      
	3290                     	13                       	0.0525                   	1,2,3,4,5,7,8,10,13,14,16,19,20
	3311                     	7                        	0.042                    	8,9,11,15,16,17,20       
	3356                     	2                        	0.0135                   	6,13                     
	3373                     	6                        	0.036                    	1,7,8,9,11,12            
	3396                     	12                       	0.0453                   	1,2,3,4,6,7,11,13,14,15,16,18
	3398                     	2                        	0.0823                   	1,6                      
	3401                     	1                        	0.0402                   	1                        
	3404                     	14                       	0.126                    	1,2,3,4,5,6,8,10,12,13,15,16,19,20
	3427                     	5                        	0.0381                   	11,13,15,16,19           
	3441                     	20                       	0.136                    	1,2,3,4,5,6,7,8,9,10,11,12,13,14,15,16,17,18,19,20
	3461                     	1                        	0.1135                   	3                        
	3478                     	2                        	0.0931                   	2,8                      
	3492                     	2                        	0.064                    	8,12                     
	3495                     	16                       	0.0903                   	1,2,3,4,5,6,7,9,10,11,14,15,16,17,18,20
	3496                     	6                        	0.0546                   	8,12,13,15,16,19         
	3500                     	2                        	0.0125                   	8,16                     
	3501                     	1                        	0.0105                   	12                       
	3515                     	9                        	0.0497                   	2,5,10,11,13,14,15,16,20 
	3520                     	1                        	0.0381                   	18                       
	3526                     	5                        	0.0208                   	7,9,10,14,20             
	3527                     	14                       	0.0678                   	1,3,4,6,7,8,9,10,11,13,17,18,19,20
	3552                     	3                        	0.0533                   	6,12,17                  
	3572                     	3                        	0.0145                   	9,11,16                  
	3576                     	2                        	0.0867                   	11,19                    
	3580                     	1                        	0.0621                   	6                        
	3582                     	6                        	0.0266                   	4,5,8,12,15,16           
	3583                     	7                        	0.0437                   	1,4,5,10,12,15,16        
	3591                     	1                        	0.0441                   	20                       
	3597                     	8                        	0.0392                   	1,3,4,8,10,12,15,16      
	3604                     	2                        	0.0775                   	2,11                     
	3605                     	2                        	0.0631                   	4,8                      
	3606                     	4                        	0.0884                   	7,11,13,20               
	3615                     	1                        	0.1035                   	7                        
	3619                     	2                        	0.0232                   	17,18                    
	3620                     	1                        	0.078                    	17                       
	3632                     	10                       	0.1081                   	3,4,6,7,10,11,12,14,16,17
	3638                     	6                        	0.0531                   	1,2,4,7,8,15             
	3660                     	2                        	0.0099                   	7,11                     
	3668                     	3                        	0.0457                   	6,13,19                  
	3680                     	3                        	0.0125                   	9,12,14                  
	3681                     	6                        	0.0354                   	3,8,11,12,18,19          
	3700                     	4                        	0.0178                   	10,11,16,19              
	3712                     	3                        	0.0961                   	3,9,13                   
	3714                     	5                        	0.0207                   	1,5,6,9,15               
	3716                     	1                        	0.0367                   	10                       
	3722                     	3                        	0.1022                   	8,12,14                  
	3723                     	1                        	0.0752                   	13                       
	3732                     	1                        	0.0177                   	9                        
	3738                     	1                        	0.0485                   	13                       
	3742                     	2                        	0.0535                   	3,13                     
	3746                     	2                        	0.0386                   	6,12                     
	3751                     	1                        	0.012                    	18                       
	3764                     	9                        	0.0258                   	1,2,3,7,9,13,17,19,20    
	3767                     	1                        	0.0222                   	9                        
	3772                     	10                       	0.103                    	3,8,9,10,12,13,14,15,16,18
	3773                     	18                       	0.0488                   	1,2,4,5,6,7,8,10,11,12,13,14,15,16,17,18,19,20
	3774                     	2                        	0.2198                   	3,9                      
	3775                     	1                        	0.0058                   	19                       
	3776                     	1                        	0.1731                   	3                        
	3780                     	2                        	0.019                    	7,14                     
	3791                     	1                        	0.0196                   	6                        
	3808                     	14                       	0.0645                   	1,2,3,4,6,8,9,10,11,14,15,16,18,19
	3818                     	1                        	0.042                    	4                        
	3819                     	4                        	0.0381                   	5,12,13,19               
	3824                     	10                       	0.0981                   	1,2,3,8,10,11,12,16,18,19
	3833                     	11                       	0.0439                   	1,2,3,4,5,6,8,9,13,15,20 
	3835                     	7                        	0.0098                   	5,12,15,17,18,19,20      
	3841                     	1                        	0.0173                   	1                        
	3853                     	2                        	0.0087                   	2,17                     
	3858                     	2                        	0.0911                   	3,8                      
	3893                     	1                        	0.014                    	8                        
	3898                     	1                        	0.0083                   	5                        
	3904                     	1                        	0.0212                   	8                        
	3905                     	1                        	0.0065                   	6                        
	3911                     	1                        	0.0208                   	18                       
	3913                     	9                        	0.0436                   	1,4,7,8,9,10,12,15,16    
	3923                     	3                        	0.0101                   	1,17,20                  
	3928                     	1                        	0.0197                   	18                       
	3934                     	2                        	0.0712                   	3,10                     
	3940                     	10                       	0.1532                   	1,2,3,4,5,7,9,13,14,19   
	3943                     	7                        	0.0166                   	1,3,7,12,13,18,20        
	3950                     	2                        	0.0078                   	7,14                     
	3952                     	1                        	0.0045                   	15                       
	3953                     	1                        	0.069                    	1                        
	3958                     	2                        	0.059                    	8,12                     
	3959                     	12                       	0.0794                   	1,2,3,4,6,7,9,10,12,13,17,20
	3966                     	1                        	0.0493                   	12                       
	3967                     	1                        	0.0499                   	11                       
	3981                     	8                        	0.0813                   	1,5,6,8,15,17,18,19      
	3983                     	18                       	0.0534                   	1,2,4,5,6,7,8,10,11,12,13,14,15,16,17,18,19,20
	3989                     	9                        	0.0277                   	1,3,7,9,10,12,14,17,19   
	4007                     	2                        	0.0317                   	3,13                     
	4011                     	1                        	0.0086                   	2                        
	4015                     	8                        	0.0396                   	4,5,9,10,11,13,14,16     
	4016                     	20                       	0.0996                   	1,2,3,4,5,6,7,8,9,10,11,12,13,14,15,16,17,18,19,20
	4028                     	1                        	0.0061                   	18                       
	4030                     	6                        	0.0623                   	5,11,15,17,18,20         
	4032                     	1                        	0.0271                   	15                       
	4058                     	1                        	0.1304                   	8                        
	4071                     	20                       	0.0852                   	1,2,3,4,5,6,7,8,9,10,11,12,13,14,15,16,17,18,19,20
	4084                     	1                        	0.0305                   	13                       
	4085                     	3                        	0.025                    	4,13,14                  
	4096                     	7                        	0.0623                   	1,6,9,10,16,18,19        
	4097                     	8                        	0.0823                   	4,6,10,12,14,15,17,19    
	4108                     	2                        	0.0136                   	10,20                    
	4129                     	2                        	0.0451                   	4,8                      
	4131                     	5                        	0.0273                   	3,4,9,17,19              
	4147                     	1                        	0.0404                   	20                       
	4159                     	1                        	0.0259                   	3                        
	4161                     	3                        	0.0632                   	6,11,13                  
	4173                     	1                        	0.0227                   	14                       
	4177                     	2                        	0.0404                   	7,8                      
	4180                     	1                        	0.0474                   	12                       
	4186                     	2                        	0.1014                   	14,15                    
	4187                     	1                        	0.0695                   	17                       
	4190                     	1                        	0.0287                   	5                        
	4192                     	1                        	0.027                    	6                        
	4196                     	1                        	0.1049                   	19                       
	4198                     	2                        	0.0458                   	13,19                    
	4203                     	1                        	0.0209                   	9                        
	4204                     	1                        	0.0371                   	1                        
	4205                     	1                        	0.0693                   	5                        
	4214                     	8                        	0.063                    	1,3,4,6,12,15,18,19      
	4215                     	1                        	0.0068                   	20                       
	4218                     	1                        	0.1043                   	4                        
	4232                     	1                        	0.067                    	16                       
	4234                     	1                        	0.0184                   	17                       
	4237                     	6                        	0.0606                   	2,4,9,14,15,18           
	4243                     	10                       	0.0269                   	1,3,4,6,9,10,11,12,13,16 
	4250                     	3                        	0.047                    	4,9,10                   
	4271                     	4                        	0.0179                   	8,11,16,17               
	4273                     	17                       	0.0947                   	1,2,3,4,5,7,8,9,10,11,12,13,15,16,17,18,20
	4283                     	1                        	0.0313                   	6                        
	4290                     	2                        	0.0283                   	15,18                    
	4291                     	1                        	0.051                    	2                        
	4311                     	1                        	0.0268                   	11                       
	4314                     	2                        	0.044                    	14,16                    
	4317                     	12                       	0.0738                   	2,5,6,7,9,10,11,15,16,18,19,20
	4320                     	6                        	0.0125                   	1,3,12,13,14,17          
	4326                     	17                       	0.1661                   	1,2,3,4,5,7,8,9,10,11,12,13,16,17,18,19,20
	4334                     	2                        	0.1021                   	4,6                      
	4335                     	1                        	0.1669                   	20                       
	4338                     	1                        	0.0735                   	2                        
	4342                     	3                        	0.0235                   	13,14,18                 
	4343                     	19                       	0.1511                   	1,2,3,5,6,7,8,9,10,11,12,13,14,15,16,17,18,19,20
	4344                     	7                        	0.103                    	1,5,7,8,9,13,20          
	4346                     	4                        	0.0379                   	7,12,15,17               
	4348                     	1                        	0.0107                   	2                        
	4353                     	1                        	0.0601                   	14                       
	4358                     	6                        	0.0682                   	3,5,10,13,16,17          
	4362                     	17                       	0.0747                   	2,3,4,5,6,7,9,10,11,12,13,14,16,17,18,19,20
	4366                     	2                        	0.1004                   	3,13                     
	4368                     	3                        	0.0221                   	1,11,18                  
	4373                     	2                        	0.1042                   	9,13                     
	4390                     	1                        	0.0195                   	13                       
	4393                     	2                        	0.0234                   	8,16                     
	4399                     	1                        	0.0004                   	10                       
	4400                     	1                        	0.0587                   	10                       
	4414                     	20                       	0.0499                   	1,2,3,4,5,6,7,8,9,10,11,12,13,14,15,16,17,18,19,20
	4423                     	2                        	0.221                    	8,10                     
	4427                     	1                        	0.0027                   	10                       
	4438                     	6                        	0.0533                   	1,5,14,15,19,20          
	4451                     	1                        	0.0077                   	19                       
	4460                     	1                        	0.0189                   	19                       
	4528                     	4                        	0.0469                   	3,5,9,20                 
	4554                     	6                        	0.0533                   	4,5,8,12,16,19           
	4556                     	9                        	0.0593                   	1,4,5,6,8,10,13,17,19    
	4569                     	2                        	0.0589                   	10,18                    
	4570                     	3                        	0.0081                   	8,12,19                  
	4573                     	2                        	0.0594                   	7,16                     
	4574                     	1                        	0.044                    	1                        
	4600                     	1                        	0.0738                   	6                        
	4602                     	3                        	0.031                    	1,2,4                    
	4607                     	1                        	0.0017                   	19                       
	4608                     	3                        	0.1629                   	5,15,19                  
	4609                     	2                        	0.0157                   	15,19                    
	4612                     	2                        	0.0886                   	8,13                     
	4616                     	2                        	0.0246                   	7,13                     
	4658                     	1                        	0.0442                   	8                        
	4678                     	2                        	0.103                    	2,7                      
	4682                     	7                        	0.0191                   	3,6,7,9,10,16,17         
	4683                     	18                       	0.0923                   	1,2,3,5,6,7,8,9,10,11,12,13,14,16,17,18,19,20
	4691                     	1                        	0.0022                   	14                       
	4698                     	1                        	0.0257                   	14                       
	4699                     	2                        	0.0109                   	14,15                    
	4706                     	2                        	0.0168                   	4,5                      
	4708                     	1                        	0.0583                   	18                       
	4712                     	2                        	0.0355                   	4,9                      
	4750                     	1                        	0.0691                   	1                        
	4752                     	1                        	0.0342                   	5                        
	4755                     	1                        	0.0361                   	19                       
	4777                     	2                        	0.0373                   	14,20                    
	4792                     	9                        	0.0782                   	2,3,4,5,7,13,14,19,20    
	4795                     	5                        	0.0522                   	3,4,5,14,19              
	4811                     	1                        	0.0445                   	14                       
	4812                     	2                        	0.0307                   	8,16                     
	4817                     	6                        	0.0358                   	3,9,10,12,14,18          
	4823                     	3                        	0.0483                   	1,7,8                    
	4826                     	3                        	0.0347                   	9,12,14                  
	4835                     	1                        	0.0542                   	10                       
	4851                     	1                        	0.0892                   	3                        
	4880                     	4                        	0.0729                   	3,10,11,18               
	4884                     	4                        	0.2259                   	3,11,14,19               
	4885                     	1                        	0.0471                   	10                       
	4886                     	4                        	0.0598                   	3,11,14,19               
	1                        	16                       	0.0535                   	1,2,3,4,5,6,7,9,11,12,13,14,15,16,18,20
	2                        	3                        	0.0063                   	2,5,20                   
	3                        	4                        	0.0258                   	8,9,13,19                
	5                        	20                       	0.0923                   	1,2,3,4,5,6,7,8,9,10,11,12,13,14,15,16,17,18,19,20
	7                        	10                       	0.0189                   	3,6,8,12,13,14,17,18,19,20
	9                        	10                       	0.0239                   	4,7,8,11,12,13,16,17,18,20
	11                       	15                       	0.057                    	1,2,4,5,6,7,9,11,13,14,16,17,18,19,20
	12                       	1                        	0.0043                   	14                       
	13                       	4                        	0.0265                   	6,7,9,20                 
	15                       	16                       	0.0262                   	1,2,3,4,5,6,7,8,9,12,13,16,17,18,19,20
	16                       	1                        	0.0163                   	8                        
	17                       	6                        	0.021                    	1,6,7,9,15,18            
	19                       	17                       	0.0444                   	1,2,3,5,6,7,8,9,10,12,13,15,16,17,18,19,20
	23                       	6                        	0.0332                   	5,7,10,11,15,16          
	24                       	1                        	0.0027                   	10                       
	27                       	4                        	0.0154                   	3,10,16,20               
	29                       	9                        	0.0464                   	2,5,6,7,8,12,14,15,18    
	30                       	3                        	0.0202                   	6,8,18                   
	31                       	19                       	0.0308                   	1,2,3,4,5,7,8,9,10,11,12,13,14,15,16,17,18,19,20
	33                       	1                        	0.0257                   	6                        
	35                       	11                       	0.0407                   	2,3,4,9,10,11,13,14,15,16,20
	37                       	11                       	0.0216                   	1,2,3,4,5,6,7,11,13,14,15
	39                       	2                        	0.0091                   	12,19                    
	41                       	20                       	0.0775                   	1,2,3,4,5,6,7,8,9,10,11,12,13,14,15,16,17,18,19,20
	43                       	15                       	0.0271                   	1,2,3,4,7,8,9,10,12,13,14,15,18,19,20
	47                       	12                       	0.0233                   	2,3,4,7,9,11,12,13,15,16,18,19
	49                       	8                        	0.0258                   	2,3,4,7,9,10,14,19       
	51                       	8                        	0.0186                   	2,3,4,10,13,14,15,18     
	53                       	20                       	0.0614                   	1,2,3,4,5,6,7,8,9,10,11,12,13,14,15,16,17,18,19,20
	57                       	4                        	0.0018                   	3,9,10,14                
	59                       	19                       	0.0418                   	1,2,3,4,5,6,7,8,9,10,11,13,14,15,16,17,18,19,20
	61                       	18                       	0.0316                   	1,2,3,4,6,7,8,9,10,11,12,13,15,16,17,18,19,20
	63                       	2                        	0.0114                   	1,17                     
	65                       	18                       	0.0382                   	1,2,3,5,6,7,8,9,11,12,13,14,15,16,17,18,19,20
	67                       	2                        	0.0107                   	4,14                     
	69                       	15                       	0.0322                   	1,2,3,4,6,7,9,10,11,12,13,14,17,18,19
	71                       	3                        	0.0075                   	12,15,16                 
	73                       	16                       	0.0335                   	1,2,3,4,6,7,8,9,11,13,14,16,17,18,19,20
	75                       	15                       	0.0183                   	1,2,3,4,5,6,8,10,12,13,15,17,18,19,20
	77                       	1                        	0.003                    	8                        
	79                       	20                       	0.0601                   	1,2,3,4,5,6,7,8,9,10,11,12,13,14,15,16,17,18,19,20
	81                       	17                       	0.0519                   	1,2,4,5,6,7,8,9,10,12,13,14,15,16,17,18,20

2.3 Distance restraint violations summary
-----------------------------------------

	                                                                 	Intrresidue         	Sequential          	Medium-range        	Long-range          	Total               

	Number of consistently violated restraints (violated in all models)	     0 (0.0%)       	     1 (0.02%)      	     6 (0.12%)      	     4 (0.08%)      	    11 (0.22%)      
	Number of violated restraints (at least in one model)            	    28 (0.56%)      	    72 (1.45%)      	   162 (3.26%)      	   177 (3.56%)      	   439 (8.83%)      
	Number of non violated restraints                                	  1111 (22.34%)     	   991 (19.93%)     	  1260 (25.34%)     	  1172 (23.57%)     	  4534 (91.17%)     
	Total number of restraints                                       	  1139 (22.9%)      	  1063 (21.38%)     	  1422 (28.59%)     	  1349 (27.13%)     	  4973 (100.0%)     


2.4 List of largest 10 distance violations
------------------------------------------

	Restraint ID                  	Model ID                      	|Exp. value - Model value|A   

	1883                          	6                             	0.4003                        
	2502                          	19                            	0.3984                        
	2502                          	1                             	0.3915                        
	2502                          	20                            	0.3702                        
	2502                          	10                            	0.3552                        
	2502                          	2                             	0.3395                        
	580                           	6                             	0.3323                        
	2502                          	5                             	0.3231                        
	2502                          	6                             	0.3158                        
	4343                          	6                             	0.3133                        


2.5 List of largest 10 average distance violations
--------------------------------------------------

	Restraint ID                  	Number of Models              	|Exp. value - Model value|A   

	1883                          	1                             	0.4003                        
	2502                          	18                            	0.2819                        
	507                           	2                             	0.2381                        
	4884                          	4                             	0.2259                        
	4423                          	2                             	0.221                         
	3774                          	2                             	0.2198                        
	1152                          	2                             	0.214                         
	2465                          	1                             	0.2104                        
	441                           	2                             	0.177                         
	3776                          	1                             	0.1731                        
========================================================================================================================

3. Angle restraints summary
---------------------------

	Total number of restraints                                    =   220 (100.0%)
	Torsion angle Name PHI                                        =   110 (50.0%)
	Torsion angle Name PSI                                        =   110 (50.0%)


4. Angle restraint violations
------------------------------

4.1 Number of violated restraints for each model
------------------------------------------------

       Model	Not Violated (%)	    Violated (%)	         0-5 (%)	        5-10 (%)	       10-20 (%)	       20-40 (%)	       40-80 (%)	         >80 (%)

           1	         213(96.82)	           7(3.18)	           7(3.18)	           0(0.0)	           0(0.0)	           0(0.0)	           0(0.0)	           0(0.0)
           2	         216(98.18)	           4(1.82)	           4(1.82)	           0(0.0)	           0(0.0)	           0(0.0)	           0(0.0)	           0(0.0)
           3	         216(98.18)	           4(1.82)	           4(1.82)	           0(0.0)	           0(0.0)	           0(0.0)	           0(0.0)	           0(0.0)
           4	         213(96.82)	           7(3.18)	           7(3.18)	           0(0.0)	           0(0.0)	           0(0.0)	           0(0.0)	           0(0.0)
           5	         215(97.73)	           5(2.27)	           5(2.27)	           0(0.0)	           0(0.0)	           0(0.0)	           0(0.0)	           0(0.0)
           6	         216(98.18)	           4(1.82)	           4(1.82)	           0(0.0)	           0(0.0)	           0(0.0)	           0(0.0)	           0(0.0)
           7	         217(98.64)	           3(1.36)	           3(1.36)	           0(0.0)	           0(0.0)	           0(0.0)	           0(0.0)	           0(0.0)
           8	         216(98.18)	           4(1.82)	           4(1.82)	           0(0.0)	           0(0.0)	           0(0.0)	           0(0.0)	           0(0.0)
           9	         211(95.91)	           9(4.09)	           9(4.09)	           0(0.0)	           0(0.0)	           0(0.0)	           0(0.0)	           0(0.0)
          10	         210(95.45)	          10(4.55)	          10(4.55)	           0(0.0)	           0(0.0)	           0(0.0)	           0(0.0)	           0(0.0)
          11	         212(96.36)	           8(3.64)	           7(3.18)	           1(0.45)	           0(0.0)	           0(0.0)	           0(0.0)	           0(0.0)
          12	         215(97.73)	           5(2.27)	           5(2.27)	           0(0.0)	           0(0.0)	           0(0.0)	           0(0.0)	           0(0.0)
          13	         212(96.36)	           8(3.64)	           8(3.64)	           0(0.0)	           0(0.0)	           0(0.0)	           0(0.0)	           0(0.0)
          14	         212(96.36)	           8(3.64)	           8(3.64)	           0(0.0)	           0(0.0)	           0(0.0)	           0(0.0)	           0(0.0)
          15	         213(96.82)	           7(3.18)	           7(3.18)	           0(0.0)	           0(0.0)	           0(0.0)	           0(0.0)	           0(0.0)
          16	         210(95.45)	          10(4.55)	          10(4.55)	           0(0.0)	           0(0.0)	           0(0.0)	           0(0.0)	           0(0.0)
          17	         212(96.36)	           8(3.64)	           8(3.64)	           0(0.0)	           0(0.0)	           0(0.0)	           0(0.0)	           0(0.0)
          18	         215(97.73)	           5(2.27)	           5(2.27)	           0(0.0)	           0(0.0)	           0(0.0)	           0(0.0)	           0(0.0)
          19	         211(95.91)	           9(4.09)	           9(4.09)	           0(0.0)	           0(0.0)	           0(0.0)	           0(0.0)	           0(0.0)
          20	         210(95.45)	          10(4.55)	          10(4.55)	           0(0.0)	           0(0.0)	           0(0.0)	           0(0.0)	           0(0.0)


4.2 Number of violated models for each restraint
------------------------------------------------

	Restraint ID             	No. of Violated Models   	Average Violation(A)     	Violated Models          

	2                        	7                        	0.7269                   	6,11,12,15,16,18,19      
	10                       	3                        	2.8498                   	5,11,13                  
	19                       	2                        	0.1444                   	3,10                     
	23                       	7                        	0.576                    	4,10,11,14,16,17,20      
	24                       	2                        	0.2398                   	1,10                     
	25                       	5                        	1.6682                   	6,10,11,14,16            
	26                       	2                        	0.621                    	2,10                     
	39                       	7                        	0.9894                   	5,6,9,10,14,19,20        
	48                       	8                        	1.3495                   	4,8,10,12,14,16,17,20    
	49                       	3                        	0.9789                   	8,13,17                  
	50                       	3                        	1.356                    	3,13,18                  
	55                       	2                        	0.7193                   	5,20                     
	60                       	1                        	0.4578                   	4                        
	73                       	2                        	1.659                    	1,9                      
	74                       	1                        	0.0082                   	16                       
	78                       	3                        	0.4548                   	15,19,20                 
	82                       	5                        	1.2069                   	4,5,10,11,20             
	83                       	8                        	1.3278                   	1,7,8,9,13,14,15,19      
	84                       	5                        	0.9533                   	1,2,16,17,19             
	86                       	3                        	1.9796                   	1,2,14                   
	88                       	12                       	1.932                    	4,6,9,10,11,12,13,16,17,18,19,20
	92                       	3                        	0.3347                   	7,9,10                   
	93                       	2                        	0.6803                   	15,20                    
	94                       	2                        	2.6046                   	4,12                     
	104                      	2                        	0.5278                   	16,20                    
	118                      	1                        	1.3294                   	4                        
	120                      	2                        	0.6324                   	9,19                     
	121                      	4                        	1.3579                   	9,13,15,17               
	124                      	3                        	0.4249                   	1,3,13                   
	132                      	1                        	0.7664                   	19                       
	138                      	1                        	0.0857                   	17                       
	172                      	10                       	0.8012                   	2,7,9,11,14,15,16,17,18,20
	189                      	2                        	1.1299                   	5,16                     
	214                      	2                        	0.5409                   	1,18                     
	216                      	3                        	0.9326                   	9,13,15                  
	217                      	1                        	2.113                    	3                        
	219                      	1                        	0.4776                   	12                       
	220                      	4                        	2.3171                   	8,11,14,19               

4.3 Angle restraint violations summary
--------------------------------------

	Number of consistently violated restraints (violated in all models)     =     0 (0.0%)
	Number of violated restraints (at least in one model)                   =    38 (17.27%)
	Number of non violated restraints                                       =   182 (82.73%)
	Total number of restraints                                              =   220 (100.0%)


4.4 List of largest 10 angle violations
---------------------------------------

	Restraint ID                  	Model ID                      	|Exp. value - Model value|A   

	220                           	11                            	5.0088                        
	88                            	12                            	4.2705                        
	88                            	4                             	3.7413                        
	88                            	11                            	3.4333                        
	83                            	13                            	3.3113                        
	94                            	12                            	3.148                         
	10                            	5                             	3.049                         
	220                           	14                            	2.9517                        
	10                            	11                            	2.9422                        
	48                            	8                             	2.9381                        


4.5 List of largest 10 average angle violations
-----------------------------------------------

	Restraint ID                  	Number of models              	|Exp. value - Model value|A   

	10                            	3                             	2.8498                        
	94                            	2                             	2.6046                        
	220                           	4                             	2.3171                        
	217                           	1                             	2.113                         
	86                            	3                             	1.9796                        
	88                            	12                            	1.932                         
	25                            	5                             	1.6682                        
	73                            	2                             	1.659                         
	121                           	4                             	1.3579                        
	50                            	3                             	1.356                         
========================================================================================================================

