1. Conformationally restricting restraints
---------------------------------------------

1.1 Distance restraints 
-------------------------

	Total                                                         =  3038 (100.0%)
	Intraresidue  |i-j|=0                                         =   648 (21.33%)
	Sequential |i-j|=1                                            =   744 (24.49%)
	Medium range  |i-j|>1 and |i-j|<5                             =   739 (24.33%)
	Long range |i-j|>=5                                           =   907 (29.86%)
	Hydrogen-bond                                                 =     0 (0.0%)
	Dihedral angle restraints                                     =   120
	No of restraints per residue                                  = 31.32
	No of long-range restraints per residue                       =  9.35


1.2 Residual restraint violations 
----------------------------------

	1.2.1 Average no. of distance violations per structure 
	-------------------------------------------------------
	0.1-0.2A                                                      =  0.34
	0.2-0.5A                                                      =  0.01(max=0.34)
	>0.5A                                                         =   0.0
	1.2.2 Average no. of dihedral angle violations per structure 
	------------------------------------------------------------
	0-10                                                          =  0.07(max=6.73)
	>10                                                           =   0.0
