1. Conformationally restricting restraints
---------------------------------------------

1.1 Distance restraints 
-------------------------

	Total                                                         =  5649 (100.0%)
	Intraresidue  |i-j|=0                                         =  1375 (24.34%)
	Sequential |i-j|=1                                            =  1771 (31.35%)
	Medium range  |i-j|>1 and |i-j|<5                             =  1452 (25.7%)
	Long range |i-j|>=5                                           =  1051 (18.61%)
	Hydrogen-bond                                                 =   129 (2.28%)
	Dihedral angle restraints                                     =    53
	No of restraints per residue                                  = 51.83
	No of long-range restraints per residue                       =  9.64


1.2 Residual restraint violations 
----------------------------------

	1.2.1 Average no. of distance violations per structure 
	-------------------------------------------------------
	0.1-0.2A                                                      =  4.55
	0.2-0.5A                                                      =  1.01
	>0.5A                                                         =  0.95(max=3.28)
	1.2.2 Average no. of dihedral angle violations per structure 
	------------------------------------------------------------
	0-10                                                          =  0.11(max=4.94)
	>10                                                           =   0.0
