1. Distance restraints summary
------------------------------

	Total number of restraints                                    =  2918 (100.0%)
	Intraresidue restraints |i-j|=0                               =   570 (19.53%)
	Sequential restraints |i-j|=1                                 =   658 (22.55%)
	Medium range  restraints|i-j|>1 and |i-j|<5                   =   479 (16.42%)
	Long range restraints|i-j|>=5                                 =  1211 (41.5%)


2. Distance restraint violations
--------------------------------

2.1 Number of violated restraints for each model
------------------------------------------------

       Model	    Not Violated(%)	        Violated(%)	         0A-0.2A(%)	       0.2A-0.5A(%)	       0.5A-1.0A(%)	       1.0A-2.0A(%)	       2.0A-5.0A(%)	           >5.0A(%)

           1	        2862(98.08)	          56(1.92)	          55(1.88)	           1(0.03)	           0(0.0)	           0(0.0)	           0(0.0)	           0(0.0)
           2	        2859(97.98)	          59(2.02)	          58(1.99)	           1(0.03)	           0(0.0)	           0(0.0)	           0(0.0)	           0(0.0)
           3	        2854(97.81)	          64(2.19)	          63(2.16)	           1(0.03)	           0(0.0)	           0(0.0)	           0(0.0)	           0(0.0)
           4	        2860(98.01)	          58(1.99)	          57(1.95)	           1(0.03)	           0(0.0)	           0(0.0)	           0(0.0)	           0(0.0)
           5	        2854(97.81)	          64(2.19)	          63(2.16)	           1(0.03)	           0(0.0)	           0(0.0)	           0(0.0)	           0(0.0)
           6	        2857(97.91)	          61(2.09)	          59(2.02)	           2(0.07)	           0(0.0)	           0(0.0)	           0(0.0)	           0(0.0)
           7	        2858(97.94)	          60(2.06)	          58(1.99)	           2(0.07)	           0(0.0)	           0(0.0)	           0(0.0)	           0(0.0)
           8	        2858(97.94)	          60(2.06)	          58(1.99)	           2(0.07)	           0(0.0)	           0(0.0)	           0(0.0)	           0(0.0)
           9	        2853(97.77)	          65(2.23)	          64(2.19)	           1(0.03)	           0(0.0)	           0(0.0)	           0(0.0)	           0(0.0)
          10	        2866(98.22)	          52(1.78)	          50(1.71)	           2(0.07)	           0(0.0)	           0(0.0)	           0(0.0)	           0(0.0)
          11	        2856(97.88)	          62(2.12)	          60(2.06)	           2(0.07)	           0(0.0)	           0(0.0)	           0(0.0)	           0(0.0)
          12	        2854(97.81)	          64(2.19)	          62(2.12)	           2(0.07)	           0(0.0)	           0(0.0)	           0(0.0)	           0(0.0)
          13	        2851(97.7)	          67(2.3)	          64(2.19)	           3(0.1)	           0(0.0)	           0(0.0)	           0(0.0)	           0(0.0)
          14	        2866(98.22)	          52(1.78)	          51(1.75)	           1(0.03)	           0(0.0)	           0(0.0)	           0(0.0)	           0(0.0)
          15	        2859(97.98)	          59(2.02)	          57(1.95)	           2(0.07)	           0(0.0)	           0(0.0)	           0(0.0)	           0(0.0)
          16	        2855(97.84)	          63(2.16)	          61(2.09)	           2(0.07)	           0(0.0)	           0(0.0)	           0(0.0)	           0(0.0)
          17	        2847(97.57)	          71(2.43)	          70(2.4)	           1(0.03)	           0(0.0)	           0(0.0)	           0(0.0)	           0(0.0)
          18	        2861(98.05)	          57(1.95)	          56(1.92)	           1(0.03)	           0(0.0)	           0(0.0)	           0(0.0)	           0(0.0)
          19	        2863(98.12)	          55(1.88)	          54(1.85)	           1(0.03)	           0(0.0)	           0(0.0)	           0(0.0)	           0(0.0)
          20	        2858(97.94)	          60(2.06)	          59(2.02)	           1(0.03)	           0(0.0)	           0(0.0)	           0(0.0)	           0(0.0)


2.2 Number of violated models for each restraint
------------------------------------------------

	Restraint ID             	No. of Violated Models   	Average Violation(A)     	Violated Models          

	97                       	1                        	0.0263                   	6                        
	98                       	4                        	0.0571                   	6,12,13,20               
	99                       	20                       	0.1786                   	1,2,3,4,5,6,7,8,9,10,11,12,13,14,15,16,17,18,19,20
	119                      	6                        	0.0138                   	3,6,7,11,13,16           
	130                      	2                        	0.0995                   	13,15                    
	131                      	3                        	0.0515                   	5,9,20                   
	141                      	3                        	0.0283                   	2,12,14                  
	158                      	20                       	0.0754                   	1,2,3,4,5,6,7,8,9,10,11,12,13,14,15,16,17,18,19,20
	188                      	1                        	0.0273                   	12                       
	208                      	3                        	0.0189                   	2,16,18                  
	209                      	1                        	0.1986                   	14                       
	214                      	1                        	0.0106                   	20                       
	225                      	1                        	0.0381                   	19                       
	235                      	1                        	0.0506                   	8                        
	249                      	1                        	0.037                    	3                        
	279                      	2                        	0.113                    	1,20                     
	295                      	1                        	0.1802                   	16                       
	389                      	16                       	0.0668                   	1,2,3,4,5,7,9,10,11,12,13,14,15,16,17,19
	409                      	4                        	0.02                     	3,6,9,18                 
	413                      	1                        	0.0777                   	20                       
	488                      	14                       	0.0506                   	2,5,6,7,8,9,11,12,13,14,15,17,19,20
	491                      	1                        	0.0042                   	7                        
	515                      	7                        	0.0515                   	2,3,6,7,9,12,13          
	517                      	1                        	0.0623                   	1                        
	533                      	9                        	0.0147                   	2,4,5,6,11,13,15,16,17   
	536                      	1                        	0.0486                   	3                        
	563                      	6                        	0.0738                   	2,6,8,9,10,17            
	567                      	2                        	0.0693                   	1,20                     
	573                      	1                        	0.0261                   	1                        
	579                      	2                        	0.0487                   	17,18                    
	595                      	2                        	0.02                     	9,14                     
	630                      	1                        	0.0673                   	2                        
	651                      	4                        	0.0126                   	8,10,12,17               
	652                      	1                        	0.0028                   	8                        
	655                      	11                       	0.0545                   	1,2,3,6,7,11,13,14,15,16,19
	684                      	1                        	0.0359                   	6                        
	702                      	6                        	0.0601                   	6,10,13,15,16,19         
	703                      	6                        	0.0624                   	3,9,11,12,18,20          
	708                      	13                       	0.072                    	1,3,4,6,7,8,10,11,14,15,17,18,19
	725                      	2                        	0.027                    	11,12                    
	748                      	14                       	0.0438                   	4,5,6,7,8,10,11,12,15,16,17,18,19,20
	760                      	3                        	0.0461                   	5,11,18                  
	766                      	7                        	0.0289                   	7,8,9,12,14,17,20        
	774                      	9                        	0.0325                   	2,3,4,7,8,9,16,18,19     
	806                      	2                        	0.0126                   	12,17                    
	831                      	3                        	0.0476                   	2,7,10                   
	850                      	2                        	0.0175                   	15,16                    
	860                      	1                        	0.0455                   	16                       
	861                      	2                        	0.0504                   	3,18                     
	901                      	2                        	0.0205                   	13,20                    
	902                      	6                        	0.055                    	2,5,9,10,12,13           
	966                      	18                       	0.0909                   	1,2,3,4,5,6,7,8,9,10,11,12,13,15,16,17,18,19
	1013                     	1                        	0.0142                   	20                       
	1050                     	1                        	0.028                    	10                       
	1058                     	20                       	0.2796                   	1,2,3,4,5,6,7,8,9,10,11,12,13,14,15,16,17,18,19,20
	1126                     	13                       	0.0342                   	2,4,5,6,10,11,12,13,14,16,17,18,19
	1167                     	1                        	0.0149                   	9                        
	1215                     	3                        	0.0169                   	13,16,18                 
	1243                     	14                       	0.1021                   	1,3,5,6,9,11,12,13,14,15,16,18,19,20
	1255                     	2                        	0.0256                   	9,17                     
	1256                     	1                        	0.0242                   	9                        
	1271                     	1                        	0.0637                   	16                       
	1288                     	1                        	0.1998                   	5                        
	1294                     	8                        	0.0259                   	1,3,4,5,11,13,18,19      
	1297                     	2                        	0.019                    	8,17                     
	1324                     	4                        	0.0445                   	3,5,11,17                
	1339                     	1                        	0.0173                   	3                        
	1405                     	1                        	0.0102                   	3                        
	1415                     	1                        	0.0183                   	3                        
	1437                     	1                        	0.0112                   	19                       
	1460                     	7                        	0.0301                   	6,7,8,10,13,14,17        
	1486                     	17                       	0.0487                   	1,2,3,4,5,7,8,9,11,12,13,14,15,16,17,18,20
	1495                     	5                        	0.0447                   	1,12,17,18,20            
	1498                     	1                        	0.0298                   	15                       
	1507                     	1                        	0.0361                   	2                        
	1510                     	1                        	0.0151                   	2                        
	1517                     	1                        	0.0737                   	4                        
	1520                     	1                        	0.0713                   	10                       
	1534                     	4                        	0.0414                   	1,11,12,20               
	1561                     	1                        	0.2191                   	16                       
	1584                     	20                       	0.0955                   	1,2,3,4,5,6,7,8,9,10,11,12,13,14,15,16,17,18,19,20
	1595                     	1                        	0.0024                   	16                       
	1596                     	1                        	0.038                    	16                       
	1598                     	10                       	0.0737                   	1,3,4,5,8,9,11,12,16,17  
	1611                     	1                        	0.0136                   	17                       
	1613                     	4                        	0.0222                   	4,8,15,20                
	1627                     	2                        	0.0193                   	5,8                      
	1628                     	15                       	0.056                    	1,2,5,7,8,9,10,11,12,14,16,17,18,19,20
	1644                     	3                        	0.0219                   	9,12,17                  
	1685                     	10                       	0.0429                   	1,3,4,5,8,12,15,17,19,20 
	1699                     	9                        	0.0322                   	2,5,6,10,11,13,16,19,20  
	1715                     	3                        	0.0411                   	1,3,4                    
	1724                     	12                       	0.038                    	2,3,6,7,8,9,11,12,13,14,15,18
	1727                     	6                        	0.0191                   	5,7,8,9,13,17            
	1740                     	9                        	0.0522                   	1,3,4,10,11,13,15,19,20  
	1741                     	2                        	0.0089                   	13,19                    
	1742                     	7                        	0.0558                   	6,9,11,13,16,18,19       
	1766                     	1                        	0.0144                   	8                        
	1769                     	19                       	0.0966                   	1,2,3,4,5,6,7,8,9,10,11,12,13,14,15,16,17,19,20
	1770                     	2                        	0.0255                   	6,20                     
	1783                     	12                       	0.045                    	3,4,6,7,10,11,12,13,14,15,19,20
	1788                     	3                        	0.0288                   	9,13,18                  
	1791                     	3                        	0.024                    	4,12,16                  
	1815                     	16                       	0.049                    	1,2,3,4,5,7,8,9,11,12,13,14,15,17,19,20
	1817                     	2                        	0.0186                   	1,13                     
	1846                     	2                        	0.0422                   	17,20                    
	1851                     	1                        	0.0211                   	10                       
	1854                     	5                        	0.0223                   	2,3,9,12,18              
	1877                     	2                        	0.0173                   	3,12                     
	1884                     	2                        	0.0391                   	9,13                     
	1903                     	16                       	0.054                    	1,2,3,4,5,6,7,8,9,10,11,12,13,16,18,19
	1912                     	2                        	0.0582                   	7,14                     
	1921                     	3                        	0.0105                   	3,9,20                   
	1923                     	1                        	0.045                    	18                       
	1964                     	4                        	0.0341                   	3,5,9,17                 
	1971                     	1                        	0.0222                   	15                       
	1989                     	11                       	0.0235                   	2,4,5,9,12,13,14,15,16,17,20
	1996                     	8                        	0.032                    	1,2,5,10,11,12,13,18     
	2028                     	15                       	0.114                    	2,3,4,5,6,7,8,9,11,12,15,17,18,19,20
	2031                     	13                       	0.0523                   	1,2,3,4,5,6,10,13,16,17,18,19,20
	2066                     	1                        	0.2146                   	10                       
	2079                     	3                        	0.0437                   	5,12,17                  
	2083                     	1                        	0.0116                   	14                       
	2090                     	10                       	0.0566                   	1,2,3,4,6,8,15,16,18,19  
	2108                     	3                        	0.0296                   	13,17,20                 
	2120                     	1                        	0.0141                   	17                       
	2123                     	19                       	0.0977                   	1,2,3,4,5,6,7,8,10,11,12,13,14,15,16,17,18,19,20
	2148                     	1                        	0.0292                   	2                        
	2149                     	3                        	0.029                    	6,12,18                  
	2150                     	2                        	0.0355                   	3,9                      
	2161                     	1                        	0.1568                   	5                        
	2165                     	18                       	0.0918                   	1,2,3,4,5,6,7,8,9,11,13,14,15,16,17,18,19,20
	2183                     	16                       	0.0396                   	1,4,6,7,8,9,10,11,12,14,15,16,17,18,19,20
	2197                     	4                        	0.0119                   	1,11,13,16               
	2207                     	1                        	0.0237                   	7                        
	2227                     	4                        	0.0349                   	5,7,12,17                
	2228                     	20                       	0.1129                   	1,2,3,4,5,6,7,8,9,10,11,12,13,14,15,16,17,18,19,20
	2247                     	5                        	0.0555                   	2,5,8,9,16               
	2262                     	1                        	0.0262                   	6                        
	2270                     	2                        	0.0697                   	4,10                     
	2272                     	1                        	0.0018                   	5                        
	2284                     	2                        	0.0892                   	5,7                      
	2285                     	2                        	0.0355                   	8,17                     
	2287                     	1                        	0.0015                   	4                        
	2288                     	1                        	0.0019                   	4                        
	2290                     	1                        	0.0585                   	18                       
	2291                     	2                        	0.0606                   	3,16                     
	2299                     	9                        	0.1148                   	2,4,7,9,11,14,16,17,19   
	2340                     	2                        	0.015                    	9,20                     
	2365                     	18                       	0.0432                   	1,2,3,4,5,7,8,9,10,11,12,13,14,15,16,18,19,20
	2370                     	19                       	0.0381                   	1,2,3,4,5,6,7,8,9,10,11,12,13,15,16,17,18,19,20
	2407                     	1                        	0.0191                   	16                       
	2412                     	2                        	0.0259                   	4,7                      
	2424                     	1                        	0.0177                   	6                        
	2425                     	1                        	0.0454                   	11                       
	2460                     	2                        	0.0526                   	1,4                      
	2467                     	2                        	0.0241                   	5,13                     
	2489                     	1                        	0.0246                   	4                        
	2490                     	4                        	0.0725                   	2,3,5,13                 
	2533                     	2                        	0.0113                   	13,17                    
	2554                     	1                        	0.0911                   	3                        
	2570                     	18                       	0.0545                   	2,4,5,6,7,8,9,10,11,12,13,14,15,16,17,18,19,20
	2573                     	9                        	0.0411                   	2,4,6,7,9,16,17,18,20    
	2601                     	13                       	0.0542                   	1,4,5,6,7,8,13,14,15,16,17,18,19
	2603                     	14                       	0.0534                   	1,3,4,5,7,8,9,11,12,13,16,17,18,20
	2604                     	12                       	0.0731                   	2,6,7,9,10,11,12,13,14,15,17,20
	2614                     	1                        	0.097                    	6                        
	2615                     	1                        	0.0568                   	17                       
	2620                     	2                        	0.0677                   	11,13                    
	2627                     	4                        	0.0599                   	1,5,8,17                 
	2633                     	2                        	0.033                    	1,17                     
	2649                     	2                        	0.0644                   	7,8                      
	2655                     	2                        	0.0311                   	2,15                     
	2684                     	1                        	0.0481                   	10                       
	2702                     	1                        	0.1206                   	16                       
	2720                     	1                        	0.02                     	6                        
	2733                     	3                        	0.0645                   	5,9,17                   
	2737                     	1                        	0.027                    	17                       
	2752                     	1                        	0.0316                   	1                        
	2795                     	2                        	0.0435                   	7,15                     
	2797                     	4                        	0.0141                   	3,9,18,20                
	2799                     	1                        	0.0571                   	15                       
	2855                     	3                        	0.012                    	4,11,15                  
	2859                     	1                        	0.0271                   	5                        
	2862                     	1                        	0.0919                   	14                       
	1                        	20                       	0.05                     	1,2,3,4,5,6,7,8,9,10,11,12,13,14,15,16,17,18,19,20
	2                        	11                       	0.0225                   	1,3,8,10,11,12,13,14,16,17,20
	3                        	20                       	0.0398                   	1,2,3,4,5,6,7,8,9,10,11,12,13,14,15,16,17,18,19,20
	4                        	1                        	0.0003                   	12                       
	5                        	19                       	0.0404                   	1,2,3,4,5,6,7,8,9,10,11,12,13,14,15,17,18,19,20
	7                        	17                       	0.0268                   	1,4,5,6,7,8,9,10,11,12,13,14,15,16,17,19,20
	8                        	4                        	0.0171                   	8,12,14,15               
	9                        	20                       	0.0969                   	1,2,3,4,5,6,7,8,9,10,11,12,13,14,15,16,17,18,19,20
	10                       	14                       	0.024                    	1,2,3,7,8,9,10,13,14,15,16,17,19,20
	11                       	8                        	0.0313                   	2,6,8,11,13,14,15,19     
	13                       	20                       	0.0419                   	1,2,3,4,5,6,7,8,9,10,11,12,13,14,15,16,17,18,19,20
	14                       	10                       	0.0076                   	2,6,7,10,11,13,14,15,16,19
	15                       	11                       	0.0207                   	2,4,6,7,9,10,12,13,15,18,19
	16                       	1                        	0.0274                   	5                        
	17                       	1                        	0.005                    	1                        
	19                       	20                       	0.0703                   	1,2,3,4,5,6,7,8,9,10,11,12,13,14,15,16,17,18,19,20
	20                       	10                       	0.0132                   	1,2,3,5,6,8,10,14,15,19  
	21                       	20                       	0.0684                   	1,2,3,4,5,6,7,8,9,10,11,12,13,14,15,16,17,18,19,20
	23                       	20                       	0.0293                   	1,2,3,4,5,6,7,8,9,10,11,12,13,14,15,16,17,18,19,20
	25                       	3                        	0.0116                   	3,6,8                    
	27                       	17                       	0.028                    	1,3,5,6,7,8,9,10,11,12,14,15,16,17,18,19,20
	28                       	1                        	0.0131                   	18                       
	29                       	17                       	0.0388                   	3,4,5,6,7,8,9,10,11,12,14,15,16,17,18,19,20
	30                       	7                        	0.0089                   	4,7,11,14,15,17,18       

2.3 Distance restraint violations summary
-----------------------------------------

	                                                                 	Intrresidue         	Sequential          	Medium-range        	Long-range          	Total               

	Number of consistently violated restraints (violated in all models)	     1 (0.03%)      	     2 (0.07%)      	     7 (0.24%)      	     2 (0.07%)      	    12 (0.41%)      
	Number of violated restraints (at least in one model)            	    12 (0.41%)      	    41 (1.41%)      	    53 (1.82%)      	   103 (3.53%)      	   209 (7.16%)      
	Number of non violated restraints                                	   558 (19.12%)     	   617 (21.14%)     	   426 (14.6%)      	  1108 (37.97%)     	  2709 (92.84%)     
	Total number of restraints                                       	   570 (19.53%)     	   658 (22.55%)     	   479 (16.42%)     	  1211 (41.5%)      	  2918 (100.0%)     


2.4 List of largest 10 distance violations
------------------------------------------

	Restraint ID                  	Model ID                      	|Exp. value - Model value|A   

	1058                          	1                             	0.3301                        
	1058                          	13                            	0.3066                        
	1058                          	15                            	0.3038                        
	1058                          	3                             	0.2989                        
	1058                          	9                             	0.2963                        
	1058                          	5                             	0.2954                        
	1058                          	19                            	0.2893                        
	1058                          	14                            	0.2871                        
	1058                          	17                            	0.2864                        
	1058                          	8                             	0.2845                        


2.5 List of largest 10 average distance violations
--------------------------------------------------

	Restraint ID                  	Number of Models              	|Exp. value - Model value|A   

	1058                          	20                            	0.2796                        
	1561                          	1                             	0.2191                        
	2066                          	1                             	0.2146                        
	1288                          	1                             	0.1998                        
	209                           	1                             	0.1986                        
	295                           	1                             	0.1802                        
	99                            	20                            	0.1786                        
	2161                          	1                             	0.1568                        
	2702                          	1                             	0.1206                        
	2299                          	9                             	0.1148                        
========================================================================================================================

3. Angle restraints summary
---------------------------

	Total number of restraints                                    =    80 (100.0%)
	Torsion angle Name PHI                                        =    40 (50.0%)
	Torsion angle Name PSI                                        =    40 (50.0%)


4. Angle restraint violations
------------------------------

4.1 Number of violated restraints for each model
------------------------------------------------

       Model	Not Violated (%)	    Violated (%)	         0-5 (%)	        5-10 (%)	       10-20 (%)	       20-40 (%)	       40-80 (%)	         >80 (%)

           1	          78(97.5)	           2(2.5)	           1(1.25)	           1(1.25)	           0(0.0)	           0(0.0)	           0(0.0)	           0(0.0)
           2	          77(96.25)	           3(3.75)	           2(2.5)	           1(1.25)	           0(0.0)	           0(0.0)	           0(0.0)	           0(0.0)
           3	          75(93.75)	           5(6.25)	           4(5.0)	           1(1.25)	           0(0.0)	           0(0.0)	           0(0.0)	           0(0.0)
           4	          76(95.0)	           4(5.0)	           3(3.75)	           1(1.25)	           0(0.0)	           0(0.0)	           0(0.0)	           0(0.0)
           5	          75(93.75)	           5(6.25)	           4(5.0)	           1(1.25)	           0(0.0)	           0(0.0)	           0(0.0)	           0(0.0)
           6	          76(95.0)	           4(5.0)	           3(3.75)	           1(1.25)	           0(0.0)	           0(0.0)	           0(0.0)	           0(0.0)
           7	          77(96.25)	           3(3.75)	           2(2.5)	           1(1.25)	           0(0.0)	           0(0.0)	           0(0.0)	           0(0.0)
           8	          78(97.5)	           2(2.5)	           1(1.25)	           1(1.25)	           0(0.0)	           0(0.0)	           0(0.0)	           0(0.0)
           9	          76(95.0)	           4(5.0)	           3(3.75)	           1(1.25)	           0(0.0)	           0(0.0)	           0(0.0)	           0(0.0)
          10	          77(96.25)	           3(3.75)	           2(2.5)	           1(1.25)	           0(0.0)	           0(0.0)	           0(0.0)	           0(0.0)
          11	          76(95.0)	           4(5.0)	           3(3.75)	           1(1.25)	           0(0.0)	           0(0.0)	           0(0.0)	           0(0.0)
          12	          76(95.0)	           4(5.0)	           3(3.75)	           1(1.25)	           0(0.0)	           0(0.0)	           0(0.0)	           0(0.0)
          13	          78(97.5)	           2(2.5)	           1(1.25)	           1(1.25)	           0(0.0)	           0(0.0)	           0(0.0)	           0(0.0)
          14	          76(95.0)	           4(5.0)	           3(3.75)	           1(1.25)	           0(0.0)	           0(0.0)	           0(0.0)	           0(0.0)
          15	          76(95.0)	           4(5.0)	           4(5.0)	           0(0.0)	           0(0.0)	           0(0.0)	           0(0.0)	           0(0.0)
          16	          76(95.0)	           4(5.0)	           4(5.0)	           0(0.0)	           0(0.0)	           0(0.0)	           0(0.0)	           0(0.0)
          17	          75(93.75)	           5(6.25)	           4(5.0)	           1(1.25)	           0(0.0)	           0(0.0)	           0(0.0)	           0(0.0)
          18	          76(95.0)	           4(5.0)	           3(3.75)	           1(1.25)	           0(0.0)	           0(0.0)	           0(0.0)	           0(0.0)
          19	          76(95.0)	           4(5.0)	           3(3.75)	           1(1.25)	           0(0.0)	           0(0.0)	           0(0.0)	           0(0.0)
          20	          76(95.0)	           4(5.0)	           3(3.75)	           1(1.25)	           0(0.0)	           0(0.0)	           0(0.0)	           0(0.0)


4.2 Number of violated models for each restraint
------------------------------------------------

	Restraint ID             	No. of Violated Models   	Average Violation(A)     	Violated Models          

	2                        	8                        	0.7186                   	3,4,5,6,9,14,15,17       
	5                        	1                        	0.1387                   	12                       
	9                        	2                        	0.4714                   	6,10                     
	14                       	1                        	0.2958                   	17                       
	29                       	1                        	0.1824                   	11                       
	32                       	20                       	6.9348                   	1,2,3,4,5,6,7,8,9,10,11,12,13,14,15,16,17,18,19,20
	34                       	3                        	0.9433                   	3,17,18                  
	36                       	19                       	1.7238                   	1,2,3,4,5,6,7,8,10,11,12,13,14,15,16,17,18,19,20
	39                       	2                        	2.2116                   	4,16                     
	43                       	1                        	1.4188                   	14                       
	48                       	5                        	1.0607                   	5,9,16,19,20             
	70                       	11                       	1.4132                   	2,3,5,7,9,11,12,15,18,19,20

4.3 Angle restraint violations summary
--------------------------------------

	Number of consistently violated restraints (violated in all models)     =     1 (1.25%)
	Number of violated restraints (at least in one model)                   =    12 (15.0%)
	Number of non violated restraints                                       =    68 (85.0%)
	Total number of restraints                                              =    80 (100.0%)


4.4 List of largest 10 angle violations
---------------------------------------

	Restraint ID                  	Model ID                      	|Exp. value - Model value|A   

	32                            	9                             	9.5365                        
	32                            	3                             	8.6952                        
	32                            	2                             	8.4261                        
	32                            	14                            	7.7992                        
	32                            	7                             	7.7973                        
	32                            	1                             	7.4902                        
	32                            	18                            	7.4762                        
	32                            	12                            	7.4627                        
	32                            	20                            	7.4499                        
	32                            	4                             	7.058                         


4.5 List of largest 10 average angle violations
-----------------------------------------------

	Restraint ID                  	Number of models              	|Exp. value - Model value|A   

	32                            	20                            	6.9348                        
	39                            	2                             	2.2116                        
	36                            	19                            	1.7238                        
	43                            	1                             	1.4188                        
	70                            	11                            	1.4132                        
	48                            	5                             	1.0607                        
	34                            	3                             	0.9433                        
	2                             	8                             	0.7186                        
	9                             	2                             	0.4714                        
	14                            	1                             	0.2958                        
========================================================================================================================

