1. Conformationally restricting restraints
---------------------------------------------

1.1 Distance restraints 
-------------------------

	Total                                                         =  2918 (100.0%)
	Intraresidue  |i-j|=0                                         =   570 (19.53%)
	Sequential |i-j|=1                                            =   658 (22.55%)
	Medium range  |i-j|>1 and |i-j|<5                             =   479 (16.42%)
	Long range |i-j|>=5                                           =  1211 (41.5%)
	Hydrogen-bond                                                 =    30 (1.03%)
	Dihedral angle restraints                                     =    80
	No of restraints per residue                                  = 29.47
	No of long-range restraints per residue                       = 12.23


1.2 Residual restraint violations 
----------------------------------

	1.2.1 Average no. of distance violations per structure 
	-------------------------------------------------------
	0.1-0.2A                                                      =   0.6
	0.2-0.5A                                                      =  0.02(max=0.33)
	>0.5A                                                         =   0.0
	1.2.2 Average no. of dihedral angle violations per structure 
	------------------------------------------------------------
	0-10                                                          =  0.03(max=9.54)
	>10                                                           =  0.01
