1. Distance restraints summary
------------------------------

	Total number of restraints                                    =  3743 (100.0%)
	Intraresidue restraints |i-j|=0                               =  1080 (28.85%)
	Sequential restraints |i-j|=1                                 =   749 (20.01%)
	Medium range  restraints|i-j|>1 and |i-j|<5                   =   824 (22.01%)
	Long range restraints|i-j|>=5                                 =  1090 (29.12%)


2. Distance restraint violations
--------------------------------

2.1 Number of violated restraints for each model
------------------------------------------------

       Model	    Not Violated(%)	        Violated(%)	         0A-0.2A(%)	       0.2A-0.5A(%)	       0.5A-1.0A(%)	       1.0A-2.0A(%)	       2.0A-5.0A(%)	           >5.0A(%)

           1	        3683(98.4)	          60(1.6)	          58(1.55)	           2(0.05)	           0(0.0)	           0(0.0)	           0(0.0)	           0(0.0)
           2	        3691(98.61)	          52(1.39)	          51(1.36)	           1(0.03)	           0(0.0)	           0(0.0)	           0(0.0)	           0(0.0)
           3	        3708(99.06)	          35(0.94)	          34(0.91)	           1(0.03)	           0(0.0)	           0(0.0)	           0(0.0)	           0(0.0)
           4	        3699(98.82)	          44(1.18)	          44(1.18)	           0(0.0)	           0(0.0)	           0(0.0)	           0(0.0)	           0(0.0)
           5	        3697(98.77)	          46(1.23)	          45(1.2)	           1(0.03)	           0(0.0)	           0(0.0)	           0(0.0)	           0(0.0)
           6	        3709(99.09)	          34(0.91)	          34(0.91)	           0(0.0)	           0(0.0)	           0(0.0)	           0(0.0)	           0(0.0)
           7	        3705(98.98)	          38(1.02)	          36(0.96)	           2(0.05)	           0(0.0)	           0(0.0)	           0(0.0)	           0(0.0)
           8	        3696(98.74)	          47(1.26)	          47(1.26)	           0(0.0)	           0(0.0)	           0(0.0)	           0(0.0)	           0(0.0)
           9	        3704(98.96)	          39(1.04)	          38(1.02)	           1(0.03)	           0(0.0)	           0(0.0)	           0(0.0)	           0(0.0)
          10	        3702(98.9)	          41(1.1)	          41(1.1)	           0(0.0)	           0(0.0)	           0(0.0)	           0(0.0)	           0(0.0)
          11	        3707(99.04)	          36(0.96)	          35(0.94)	           1(0.03)	           0(0.0)	           0(0.0)	           0(0.0)	           0(0.0)
          12	        3704(98.96)	          39(1.04)	          39(1.04)	           0(0.0)	           0(0.0)	           0(0.0)	           0(0.0)	           0(0.0)
          13	        3707(99.04)	          36(0.96)	          35(0.94)	           1(0.03)	           0(0.0)	           0(0.0)	           0(0.0)	           0(0.0)
          14	        3700(98.85)	          43(1.15)	          42(1.12)	           1(0.03)	           0(0.0)	           0(0.0)	           0(0.0)	           0(0.0)
          15	        3689(98.56)	          54(1.44)	          53(1.42)	           1(0.03)	           0(0.0)	           0(0.0)	           0(0.0)	           0(0.0)
          16	        3696(98.74)	          47(1.26)	          45(1.2)	           2(0.05)	           0(0.0)	           0(0.0)	           0(0.0)	           0(0.0)
          17	        3706(99.01)	          37(0.99)	          36(0.96)	           1(0.03)	           0(0.0)	           0(0.0)	           0(0.0)	           0(0.0)
          18	        3704(98.96)	          39(1.04)	          38(1.02)	           1(0.03)	           0(0.0)	           0(0.0)	           0(0.0)	           0(0.0)
          19	        3708(99.06)	          35(0.94)	          35(0.94)	           0(0.0)	           0(0.0)	           0(0.0)	           0(0.0)	           0(0.0)
          20	        3708(99.06)	          35(0.94)	          33(0.88)	           2(0.05)	           0(0.0)	           0(0.0)	           0(0.0)	           0(0.0)


2.2 Number of violated models for each restraint
------------------------------------------------

	Restraint ID             	No. of Violated Models   	Average Violation(A)     	Violated Models          

	17                       	4                        	0.0539                   	2,8,13,18                
	72                       	3                        	0.0416                   	2,11,15                  
	73                       	1                        	0.0568                   	10                       
	107                      	1                        	0.1356                   	5                        
	136                      	1                        	0.1309                   	5                        
	146                      	7                        	0.0428                   	1,5,10,12,15,17,19       
	191                      	3                        	0.0379                   	12,13,20                 
	233                      	3                        	0.0751                   	4,5,15                   
	253                      	2                        	0.0811                   	2,4                      
	289                      	3                        	0.0546                   	5,16,19                  
	294                      	3                        	0.0296                   	1,2,17                   
	299                      	1                        	0.1413                   	16                       
	302                      	2                        	0.1168                   	4,14                     
	344                      	1                        	0.0305                   	5                        
	358                      	1                        	0.2599                   	9                        
	472                      	1                        	0.0754                   	1                        
	537                      	2                        	0.0418                   	2,5                      
	583                      	1                        	0.0007                   	7                        
	601                      	5                        	0.0129                   	1,3,4,8,15               
	610                      	3                        	0.1449                   	2,4,6                    
	661                      	2                        	0.0567                   	4,14                     
	685                      	1                        	0.0724                   	18                       
	787                      	1                        	0.0347                   	1                        
	925                      	11                       	0.0768                   	4,5,6,7,8,10,11,12,14,17,18
	929                      	2                        	0.0172                   	9,15                     
	945                      	1                        	0.0285                   	4                        
	946                      	2                        	0.0674                   	13,15                    
	952                      	2                        	0.0486                   	7,20                     
	965                      	2                        	0.1112                   	14,20                    
	998                      	3                        	0.0511                   	14,15,20                 
	1013                     	1                        	0.0238                   	15                       
	1018                     	2                        	0.0627                   	13,18                    
	1025                     	1                        	0.0146                   	16                       
	1051                     	1                        	0.0193                   	16                       
	1065                     	1                        	0.0059                   	4                        
	1099                     	1                        	0.0532                   	10                       
	1100                     	4                        	0.0665                   	2,3,5,16                 
	1101                     	1                        	0.0055                   	4                        
	1110                     	2                        	0.0383                   	7,20                     
	1114                     	1                        	0.0967                   	9                        
	1136                     	2                        	0.0251                   	10,11                    
	1150                     	2                        	0.0173                   	1,4                      
	1216                     	1                        	0.05                     	8                        
	1285                     	1                        	0.2525                   	1                        
	1290                     	1                        	0.1017                   	11                       
	1291                     	4                        	0.0471                   	3,7,9,13                 
	1302                     	1                        	0.0157                   	9                        
	1319                     	1                        	0.2843                   	7                        
	1329                     	7                        	0.03                     	5,9,11,13,15,16,17       
	1340                     	8                        	0.101                    	1,2,5,8,14,17,18,19      
	1378                     	1                        	0.0124                   	1                        
	1390                     	9                        	0.0618                   	1,3,5,8,11,12,13,16,19   
	1435                     	4                        	0.1564                   	12,13,15,20              
	1506                     	3                        	0.083                    	6,9,11                   
	1511                     	7                        	0.0398                   	1,3,5,8,12,15,16         
	1514                     	4                        	0.0778                   	14,15,17,20              
	1524                     	5                        	0.0688                   	2,4,5,11,15              
	1526                     	1                        	0.012                    	20                       
	1639                     	2                        	0.0474                   	10,19                    
	1682                     	1                        	0.1305                   	8                        
	1716                     	1                        	0.0267                   	14                       
	1732                     	2                        	0.1163                   	3,6                      
	1733                     	1                        	0.0601                   	6                        
	1738                     	2                        	0.0222                   	12,14                    
	1749                     	10                       	0.0648                   	1,3,4,7,8,9,10,13,14,15  
	1754                     	1                        	0.0903                   	1                        
	1761                     	10                       	0.0626                   	2,4,5,6,7,8,11,15,18,20  
	1785                     	8                        	0.0862                   	1,5,6,8,9,12,13,19       
	1788                     	2                        	0.1072                   	1,13                     
	1798                     	1                        	0.0302                   	16                       
	1804                     	9                        	0.0784                   	3,4,6,8,14,15,16,17,20   
	1815                     	1                        	0.0158                   	8                        
	1842                     	2                        	0.0471                   	18,19                    
	1868                     	1                        	0.1204                   	2                        
	1873                     	1                        	0.0595                   	14                       
	1889                     	1                        	0.1083                   	2                        
	1902                     	3                        	0.0523                   	1,5,8                    
	1910                     	1                        	0.0132                   	3                        
	1911                     	1                        	0.0145                   	20                       
	1912                     	4                        	0.102                    	1,3,5,10                 
	1914                     	2                        	0.0698                   	3,11                     
	1963                     	1                        	0.0277                   	4                        
	1969                     	1                        	0.0383                   	19                       
	1984                     	3                        	0.0826                   	1,13,15                  
	1985                     	1                        	0.0436                   	9                        
	1988                     	1                        	0.0155                   	1                        
	1991                     	3                        	0.0531                   	9,12,13                  
	2005                     	2                        	0.0449                   	2,17                     
	2031                     	1                        	0.0186                   	17                       
	2057                     	1                        	0.0819                   	7                        
	2088                     	5                        	0.0304                   	5,9,14,15,16             
	2093                     	1                        	0.0038                   	1                        
	2094                     	1                        	0.0226                   	1                        
	2097                     	1                        	0.0175                   	17                       
	2099                     	6                        	0.061                    	1,3,14,15,16,18          
	2100                     	3                        	0.0883                   	6,8,10                   
	2108                     	2                        	0.1654                   	7,20                     
	2117                     	2                        	0.066                    	15,16                    
	2128                     	2                        	0.0377                   	1,7                      
	2134                     	1                        	0.1149                   	13                       
	2143                     	1                        	0.163                    	18                       
	2151                     	2                        	0.0062                   	3,6                      
	2185                     	2                        	0.0343                   	12,16                    
	2210                     	3                        	0.0852                   	1,16,17                  
	2213                     	1                        	0.0334                   	15                       
	2215                     	2                        	0.0694                   	8,17                     
	2227                     	11                       	0.0731                   	1,2,3,4,6,11,12,13,15,17,20
	2293                     	1                        	0.031                    	5                        
	2310                     	1                        	0.1231                   	15                       
	2323                     	2                        	0.0371                   	2,4                      
	2325                     	2                        	0.037                    	9,14                     
	2328                     	2                        	0.0576                   	11,15                    
	2352                     	1                        	0.0258                   	7                        
	2353                     	4                        	0.0723                   	1,4,5,12                 
	2354                     	1                        	0.0127                   	2                        
	2355                     	1                        	0.0966                   	2                        
	2366                     	3                        	0.0479                   	3,9,11                   
	2398                     	10                       	0.0603                   	2,3,4,8,10,11,14,17,18,19
	2420                     	1                        	0.0148                   	3                        
	2424                     	1                        	0.0186                   	1                        
	2434                     	3                        	0.107                    	1,6,20                   
	2435                     	2                        	0.0679                   	16,18                    
	2460                     	1                        	0.0555                   	2                        
	2462                     	3                        	0.0314                   	7,10,12                  
	2464                     	1                        	0.0473                   	9                        
	2484                     	4                        	0.0825                   	2,8,11,19                
	2506                     	4                        	0.0338                   	9,14,16,18               
	2507                     	1                        	0.0025                   	15                       
	2515                     	2                        	0.0102                   	1,15                     
	2521                     	6                        	0.0558                   	9,12,15,18,19,20         
	2526                     	1                        	0.0242                   	2                        
	2541                     	6                        	0.0883                   	3,6,8,9,12,20            
	2542                     	1                        	0.1389                   	1                        
	2543                     	2                        	0.067                    	1,6                      
	2552                     	2                        	0.0362                   	12,18                    
	2565                     	2                        	0.0907                   	3,9                      
	2579                     	1                        	0.0704                   	14                       
	2586                     	9                        	0.0856                   	3,7,8,9,10,11,12,13,20   
	2604                     	1                        	0.0598                   	4                        
	2607                     	1                        	0.0551                   	8                        
	2612                     	1                        	0.0441                   	16                       
	2637                     	3                        	0.0093                   	3,5,18                   
	2638                     	1                        	0.0339                   	12                       
	2652                     	1                        	0.0449                   	12                       
	2656                     	8                        	0.0509                   	2,7,8,11,12,16,17,19     
	2660                     	1                        	0.0663                   	15                       
	2671                     	4                        	0.087                    	1,5,16,18                
	2680                     	1                        	0.0064                   	2                        
	2681                     	2                        	0.017                    	7,10                     
	2687                     	1                        	0.1726                   	4                        
	2688                     	1                        	0.0179                   	19                       
	2694                     	4                        	0.0718                   	4,5,11,16                
	2695                     	2                        	0.1189                   	4,14                     
	2702                     	3                        	0.0184                   	5,8,16                   
	2707                     	13                       	0.0795                   	1,2,3,4,5,6,8,11,14,17,18,19,20
	2709                     	1                        	0.0001                   	7                        
	2714                     	3                        	0.0678                   	13,15,18                 
	2728                     	1                        	0.072                    	15                       
	2746                     	1                        	0.0607                   	16                       
	2758                     	1                        	0.0795                   	8                        
	2779                     	1                        	0.042                    	2                        
	2780                     	5                        	0.0861                   	4,8,10,17,19             
	2781                     	1                        	0.1325                   	2                        
	2784                     	2                        	0.056                    	4,14                     
	2788                     	9                        	0.0718                   	2,4,5,8,10,12,13,18,19   
	2806                     	3                        	0.0292                   	6,12,13                  
	2825                     	17                       	0.05                     	1,2,4,5,6,8,9,10,11,12,13,14,15,16,17,18,19
	2829                     	1                        	0.057                    	8                        
	2836                     	1                        	0.0111                   	10                       
	2889                     	3                        	0.0645                   	2,11,18                  
	2892                     	6                        	0.1255                   	1,5,6,7,16,20            
	2894                     	1                        	0.0038                   	16                       
	2905                     	1                        	0.1064                   	2                        
	2908                     	2                        	0.0189                   	16,18                    
	2921                     	3                        	0.069                    	9,12,14                  
	2927                     	1                        	0.0654                   	11                       
	2951                     	1                        	0.0235                   	8                        
	2953                     	12                       	0.0593                   	4,5,7,8,11,12,13,15,17,18,19,20
	2965                     	3                        	0.0389                   	5,8,10                   
	2968                     	1                        	0.0285                   	4                        
	2976                     	2                        	0.0299                   	8,14                     
	2978                     	1                        	0.0159                   	14                       
	2980                     	15                       	0.0447                   	1,2,3,5,7,9,10,11,12,13,14,15,17,19,20
	2981                     	5                        	0.0325                   	1,7,10,12,15             
	2985                     	1                        	0.0042                   	19                       
	2989                     	3                        	0.1481                   	2,5,7                    
	2993                     	2                        	0.1195                   	4,11                     
	2994                     	2                        	0.0394                   	1,15                     
	2996                     	1                        	0.0423                   	1                        
	2999                     	1                        	0.0522                   	10                       
	3006                     	2                        	0.0908                   	2,20                     
	3030                     	8                        	0.0373                   	1,5,9,11,14,15,16,18     
	3050                     	2                        	0.0512                   	1,14                     
	3054                     	1                        	0.0754                   	13                       
	3059                     	2                        	0.0092                   	1,11                     
	3066                     	1                        	0.0136                   	1                        
	3084                     	2                        	0.043                    	5,17                     
	3099                     	1                        	0.0633                   	3                        
	3121                     	1                        	0.2149                   	18                       
	3123                     	1                        	0.0102                   	2                        
	3130                     	3                        	0.0293                   	1,7,19                   
	3134                     	1                        	0.0744                   	20                       
	3142                     	2                        	0.0512                   	7,10                     
	3146                     	1                        	0.023                    	8                        
	3148                     	5                        	0.0719                   	6,9,10,13,19             
	3160                     	1                        	0.0024                   	3                        
	3179                     	1                        	0.047                    	16                       
	3181                     	1                        	0.1099                   	9                        
	3191                     	1                        	0.0099                   	10                       
	3201                     	1                        	0.0556                   	19                       
	3210                     	1                        	0.131                    	1                        
	3214                     	2                        	0.0343                   	6,15                     
	3218                     	6                        	0.0798                   	2,6,9,16,17,18           
	3228                     	1                        	0.0653                   	1                        
	3232                     	1                        	0.3015                   	5                        
	3235                     	2                        	0.1258                   	7,11                     
	3246                     	1                        	0.064                    	16                       
	3254                     	1                        	0.1349                   	1                        
	3262                     	2                        	0.0072                   	5,7                      
	3275                     	1                        	0.1169                   	7                        
	3277                     	7                        	0.0563                   	4,8,10,12,13,15,16       
	3278                     	3                        	0.1906                   	3,17,20                  
	3301                     	2                        	0.0991                   	17,18                    
	3315                     	1                        	0.01                     	14                       
	3350                     	2                        	0.0443                   	1,7                      
	3359                     	1                        	0.0067                   	2                        
	3375                     	1                        	0.0387                   	16                       
	3379                     	1                        	0.0283                   	2                        
	3381                     	1                        	0.0917                   	10                       
	3385                     	2                        	0.0804                   	9,10                     
	3418                     	3                        	0.0263                   	1,16,18                  
	3420                     	1                        	0.0628                   	2                        
	3421                     	1                        	0.0529                   	15                       
	3438                     	3                        	0.0933                   	2,8,14                   
	3440                     	3                        	0.0576                   	1,4,15                   
	3445                     	5                        	0.05                     	2,8,16,18,20             
	3457                     	11                       	0.0868                   	2,3,5,6,7,9,10,11,12,13,14
	3459                     	12                       	0.146                    	1,5,9,11,13,14,15,16,17,18,19,20
	3460                     	2                        	0.0511                   	5,19                     
	3461                     	2                        	0.1017                   	12,17                    
	3470                     	3                        	0.0786                   	1,4,8                    
	3472                     	1                        	0.0737                   	5                        
	3485                     	1                        	0.1195                   	19                       
	3496                     	2                        	0.0262                   	7,10                     
	3497                     	1                        	0.1368                   	10                       
	3513                     	1                        	0.0042                   	13                       
	3530                     	2                        	0.0178                   	8,19                     
	3537                     	2                        	0.1129                   	6,14                     
	3571                     	6                        	0.0422                   	6,7,8,9,13,18            
	3573                     	1                        	0.0297                   	5                        
	3585                     	3                        	0.0493                   	8,14,15                  
	3612                     	2                        	0.0732                   	6,10                     
	3623                     	2                        	0.1312                   	3,16                     
	3628                     	4                        	0.0604                   	6,11,12,14               
	3635                     	1                        	0.027                    	18                       
	3637                     	1                        	0.0501                   	18                       
	3656                     	1                        	0.1554                   	18                       
	3660                     	1                        	0.0547                   	12                       
	3674                     	1                        	0.1561                   	15                       
	1                        	3                        	0.0125                   	14,17,19                 
	5                        	10                       	0.0468                   	1,2,3,4,7,12,13,15,17,18 
	6                        	1                        	0.0059                   	17                       
	7                        	3                        	0.0286                   	2,10,12                  
	9                        	14                       	0.0647                   	1,5,6,7,8,9,10,11,14,15,17,18,19,20
	11                       	7                        	0.0346                   	2,3,10,13,15,16,17       
	13                       	5                        	0.0315                   	2,3,4,15,20              
	19                       	13                       	0.0479                   	1,2,3,5,6,7,10,11,13,14,15,16,20
	21                       	12                       	0.0377                   	1,2,4,6,9,11,14,16,17,18,19,20
	23                       	9                        	0.0523                   	2,4,5,8,12,13,17,19,20   
	25                       	4                        	0.026                    	7,10,14,18               
	27                       	15                       	0.0262                   	2,4,6,7,9,10,11,12,13,14,15,16,17,19,20
	29                       	9                        	0.0309                   	1,3,6,8,9,12,15,16,20    
	31                       	1                        	0.0077                   	4                        
	35                       	13                       	0.0333                   	1,3,4,6,8,9,10,12,13,14,15,16,19
	37                       	8                        	0.0319                   	6,9,10,15,16,17,19,20    
	42                       	3                        	0.0105                   	1,7,17                   
	43                       	5                        	0.0114                   	2,3,4,11,16              
	45                       	2                        	0.0192                   	2,16                     
	47                       	1                        	0.0038                   	10                       
	49                       	15                       	0.0188                   	1,2,4,6,8,9,10,12,13,14,15,16,17,19,20
	51                       	4                        	0.0074                   	5,7,9,15                 
	55                       	2                        	0.0152                   	8,18                     

2.3 Distance restraint violations summary
-----------------------------------------

	                                                                 	Intrresidue         	Sequential          	Medium-range        	Long-range          	Total               

	Number of consistently violated restraints (violated in all models)	     0 (0.0%)       	     0 (0.0%)       	     0 (0.0%)       	     0 (0.0%)       	     0 (0.0%)       
	Number of violated restraints (at least in one model)            	    26 (0.69%)      	    38 (1.02%)      	    90 (2.4%)       	   128 (3.42%)      	   282 (7.53%)      
	Number of non violated restraints                                	  1054 (28.16%)     	   711 (19.0%)      	   734 (19.61%)     	   962 (25.7%)      	  3461 (92.47%)     
	Total number of restraints                                       	  1080 (28.85%)     	   749 (20.01%)     	   824 (22.01%)     	  1090 (29.12%)     	  3743 (100.0%)     


2.4 List of largest 10 distance violations
------------------------------------------

	Restraint ID                  	Model ID                      	|Exp. value - Model value|A   

	3459                          	16                            	0.31                          
	3232                          	5                             	0.3015                        
	1319                          	7                             	0.2843                        
	3459                          	15                            	0.2837                        
	358                           	9                             	0.2599                        
	1285                          	1                             	0.2525                        
	3278                          	17                            	0.2405                        
	1340                          	2                             	0.2306                        
	2108                          	20                            	0.2216                        
	2892                          	16                            	0.2191                        


2.5 List of largest 10 average distance violations
--------------------------------------------------

	Restraint ID                  	Number of Models              	|Exp. value - Model value|A   

	3232                          	1                             	0.3015                        
	1319                          	1                             	0.2843                        
	358                           	1                             	0.2599                        
	1285                          	1                             	0.2525                        
	3121                          	1                             	0.2149                        
	3278                          	3                             	0.1906                        
	2687                          	1                             	0.1726                        
	2108                          	2                             	0.1654                        
	2143                          	1                             	0.163                         
	1435                          	4                             	0.1564                        
========================================================================================================================

3. Angle restraints summary
---------------------------

	Total number of restraints                                    =   196 (100.0%)
	Torsion angle Name PHI                                        =    98 (50.0%)
	Torsion angle Name PSI                                        =    98 (50.0%)


4. Angle restraint violations
------------------------------

4.1 Number of violated restraints for each model
------------------------------------------------

       Model	Not Violated (%)	    Violated (%)	         0-5 (%)	        5-10 (%)	       10-20 (%)	       20-40 (%)	       40-80 (%)	         >80 (%)

           1	         176(89.8)	          20(10.2)	          20(10.2)	           0(0.0)	           0(0.0)	           0(0.0)	           0(0.0)	           0(0.0)
           2	         182(92.86)	          14(7.14)	          12(6.12)	           2(1.02)	           0(0.0)	           0(0.0)	           0(0.0)	           0(0.0)
           3	         186(94.9)	          10(5.1)	          10(5.1)	           0(0.0)	           0(0.0)	           0(0.0)	           0(0.0)	           0(0.0)
           4	         184(93.88)	          12(6.12)	          12(6.12)	           0(0.0)	           0(0.0)	           0(0.0)	           0(0.0)	           0(0.0)
           5	         188(95.92)	           8(4.08)	           8(4.08)	           0(0.0)	           0(0.0)	           0(0.0)	           0(0.0)	           0(0.0)
           6	         182(92.86)	          14(7.14)	          13(6.63)	           1(0.51)	           0(0.0)	           0(0.0)	           0(0.0)	           0(0.0)
           7	         180(91.84)	          16(8.16)	          15(7.65)	           1(0.51)	           0(0.0)	           0(0.0)	           0(0.0)	           0(0.0)
           8	         183(93.37)	          13(6.63)	          11(5.61)	           2(1.02)	           0(0.0)	           0(0.0)	           0(0.0)	           0(0.0)
           9	         185(94.39)	          11(5.61)	          11(5.61)	           0(0.0)	           0(0.0)	           0(0.0)	           0(0.0)	           0(0.0)
          10	         182(92.86)	          14(7.14)	          14(7.14)	           0(0.0)	           0(0.0)	           0(0.0)	           0(0.0)	           0(0.0)
          11	         187(95.41)	           9(4.59)	           7(3.57)	           2(1.02)	           0(0.0)	           0(0.0)	           0(0.0)	           0(0.0)
          12	         184(93.88)	          12(6.12)	          12(6.12)	           0(0.0)	           0(0.0)	           0(0.0)	           0(0.0)	           0(0.0)
          13	         181(92.35)	          15(7.65)	          15(7.65)	           0(0.0)	           0(0.0)	           0(0.0)	           0(0.0)	           0(0.0)
          14	         185(94.39)	          11(5.61)	          11(5.61)	           0(0.0)	           0(0.0)	           0(0.0)	           0(0.0)	           0(0.0)
          15	         184(93.88)	          12(6.12)	          12(6.12)	           0(0.0)	           0(0.0)	           0(0.0)	           0(0.0)	           0(0.0)
          16	         186(94.9)	          10(5.1)	          10(5.1)	           0(0.0)	           0(0.0)	           0(0.0)	           0(0.0)	           0(0.0)
          17	         182(92.86)	          14(7.14)	          14(7.14)	           0(0.0)	           0(0.0)	           0(0.0)	           0(0.0)	           0(0.0)
          18	         184(93.88)	          12(6.12)	          10(5.1)	           2(1.02)	           0(0.0)	           0(0.0)	           0(0.0)	           0(0.0)
          19	         188(95.92)	           8(4.08)	           8(4.08)	           0(0.0)	           0(0.0)	           0(0.0)	           0(0.0)	           0(0.0)
          20	         188(95.92)	           8(4.08)	           8(4.08)	           0(0.0)	           0(0.0)	           0(0.0)	           0(0.0)	           0(0.0)


4.2 Number of violated models for each restraint
------------------------------------------------

	Restraint ID             	No. of Violated Models   	Average Violation(A)     	Violated Models          

	1                        	6                        	1.4682                   	6,9,11,13,16,20          
	2                        	2                        	0.3775                   	7,18                     
	4                        	6                        	2.3948                   	1,3,6,14,17,18           
	5                        	1                        	0.2996                   	1                        
	6                        	10                       	1.6055                   	1,2,8,10,12,13,14,15,16,18
	8                        	1                        	0.5787                   	8                        
	10                       	3                        	1.7083                   	2,4,5                    
	12                       	14                       	2.9222                   	2,3,6,7,8,11,12,13,14,16,17,18,19,20
	13                       	18                       	3.568                    	1,2,4,5,6,7,8,9,11,12,13,14,15,16,17,18,19,20
	14                       	11                       	1.639                    	1,3,4,6,8,10,12,15,16,17,19
	20                       	3                        	1.0781                   	6,10,20                  
	31                       	2                        	0.94                     	3,14                     
	34                       	7                        	0.9915                   	7,9,11,12,13,16,19       
	39                       	1                        	2.2303                   	1                        
	40                       	3                        	1.2262                   	6,7,10                   
	41                       	3                        	0.3834                   	4,9,16                   
	42                       	5                        	1.7921                   	1,2,8,12,18              
	43                       	1                        	0.7528                   	4                        
	44                       	6                        	1.515                    	1,7,12,13,17,19          
	46                       	15                       	2.7028                   	1,2,3,4,5,6,7,8,10,12,13,14,15,17,20
	54                       	1                        	0.601                    	4                        
	56                       	3                        	1.0159                   	1,2,10                   
	58                       	2                        	1.2364                   	3,7                      
	59                       	1                        	0.3249                   	9                        
	60                       	2                        	1.0005                   	9,13                     
	74                       	6                        	1.5777                   	2,4,6,8,13,15            
	78                       	5                        	0.6099                   	1,2,7,15,16              
	81                       	2                        	0.361                    	7,18                     
	82                       	6                        	1.9799                   	1,4,7,10,14,15           
	83                       	2                        	1.3282                   	6,10                     
	84                       	1                        	1.3244                   	17                       
	96                       	2                        	0.3636                   	2,3                      
	100                      	1                        	1.2417                   	11                       
	110                      	2                        	1.6782                   	15,16                    
	114                      	18                       	3.4426                   	1,2,3,4,5,6,7,8,9,10,11,12,13,14,15,17,18,19
	118                      	2                        	0.3057                   	1,11                     
	120                      	8                        	1.0527                   	5,8,9,10,11,12,14,15     
	122                      	5                        	2.012                    	1,5,8,9,13               
	126                      	2                        	1.8384                   	18,19                    
	128                      	1                        	1.3622                   	17                       
	140                      	7                        	0.9909                   	1,3,10,13,15,17,20       
	144                      	2                        	0.8614                   	10,13                    
	148                      	2                        	1.3864                   	7,9                      
	150                      	12                       	2.1074                   	1,2,5,6,7,12,14,15,16,17,19,20
	152                      	2                        	0.787                    	6,13                     
	155                      	16                       	1.9001                   	1,2,3,4,5,6,7,8,9,10,11,13,14,17,18,20
	156                      	1                        	0.1633                   	12                       
	160                      	2                        	0.2201                   	2,17                     
	170                      	1                        	7.1422                   	8                        
	176                      	2                        	2.063                    	10,18                    
	191                      	2                        	0.6892                   	7,17                     
	193                      	3                        	1.6884                   	1,4,18                   
	196                      	1                        	0.4947                   	1                        

4.3 Angle restraint violations summary
--------------------------------------

	Number of consistently violated restraints (violated in all models)     =     0 (0.0%)
	Number of violated restraints (at least in one model)                   =    53 (27.04%)
	Number of non violated restraints                                       =   143 (72.96%)
	Total number of restraints                                              =   196 (100.0%)


4.4 List of largest 10 angle violations
---------------------------------------

	Restraint ID                  	Model ID                      	|Exp. value - Model value|A   

	170                           	8                             	7.1422                        
	114                           	6                             	6.7021                        
	12                            	18                            	6.6795                        
	13                            	18                            	6.45                          
	12                            	2                             	6.4445                        
	13                            	2                             	6.2278                        
	13                            	11                            	5.9742                        
	46                            	8                             	5.9064                        
	12                            	11                            	5.6542                        
	13                            	7                             	5.3183                        


4.5 List of largest 10 average angle violations
-----------------------------------------------

	Restraint ID                  	Number of models              	|Exp. value - Model value|A   

	170                           	1                             	7.1422                        
	13                            	18                            	3.568                         
	114                           	18                            	3.4426                        
	12                            	14                            	2.9222                        
	46                            	15                            	2.7028                        
	4                             	6                             	2.3948                        
	39                            	1                             	2.2303                        
	150                           	12                            	2.1074                        
	176                           	2                             	2.063                         
	122                           	5                             	2.012                         
========================================================================================================================

