1. Distance restraints summary
------------------------------

	Total number of restraints                                    =  2541 (100.0%)
	Intraresidue restraints |i-j|=0                               =   743 (29.24%)
	Sequential restraints |i-j|=1                                 =   631 (24.83%)
	Medium range  restraints|i-j|>1 and |i-j|<5                   =   413 (16.25%)
	Long range restraints|i-j|>=5                                 =   754 (29.67%)


2. Distance restraint violations
--------------------------------

2.1 Number of violated restraints for each model
------------------------------------------------

       Model	    Not Violated(%)	        Violated(%)	         0A-0.2A(%)	       0.2A-0.5A(%)	       0.5A-1.0A(%)	       1.0A-2.0A(%)	       2.0A-5.0A(%)	           >5.0A(%)

           1	        2517(99.06)	          24(0.94)	          24(0.94)	           0(0.0)	           0(0.0)	           0(0.0)	           0(0.0)	           0(0.0)
           2	        2522(99.25)	          19(0.75)	          18(0.71)	           1(0.04)	           0(0.0)	           0(0.0)	           0(0.0)	           0(0.0)
           3	        2516(99.02)	          25(0.98)	          25(0.98)	           0(0.0)	           0(0.0)	           0(0.0)	           0(0.0)	           0(0.0)
           4	        2515(98.98)	          26(1.02)	          26(1.02)	           0(0.0)	           0(0.0)	           0(0.0)	           0(0.0)	           0(0.0)
           5	        2514(98.94)	          27(1.06)	          27(1.06)	           0(0.0)	           0(0.0)	           0(0.0)	           0(0.0)	           0(0.0)
           6	        2521(99.21)	          20(0.79)	          19(0.75)	           1(0.04)	           0(0.0)	           0(0.0)	           0(0.0)	           0(0.0)
           7	        2511(98.82)	          30(1.18)	          29(1.14)	           1(0.04)	           0(0.0)	           0(0.0)	           0(0.0)	           0(0.0)
           8	        2510(98.78)	          31(1.22)	          31(1.22)	           0(0.0)	           0(0.0)	           0(0.0)	           0(0.0)	           0(0.0)
           9	        2501(98.43)	          40(1.57)	          39(1.53)	           1(0.04)	           0(0.0)	           0(0.0)	           0(0.0)	           0(0.0)
          10	        2505(98.58)	          36(1.42)	          36(1.42)	           0(0.0)	           0(0.0)	           0(0.0)	           0(0.0)	           0(0.0)
          11	        2511(98.82)	          30(1.18)	          30(1.18)	           0(0.0)	           0(0.0)	           0(0.0)	           0(0.0)	           0(0.0)
          12	        2514(98.94)	          27(1.06)	          27(1.06)	           0(0.0)	           0(0.0)	           0(0.0)	           0(0.0)	           0(0.0)
          13	        2513(98.9)	          28(1.1)	          26(1.02)	           2(0.08)	           0(0.0)	           0(0.0)	           0(0.0)	           0(0.0)
          14	        2521(99.21)	          20(0.79)	          20(0.79)	           0(0.0)	           0(0.0)	           0(0.0)	           0(0.0)	           0(0.0)
          15	        2513(98.9)	          28(1.1)	          27(1.06)	           1(0.04)	           0(0.0)	           0(0.0)	           0(0.0)	           0(0.0)
          16	        2508(98.7)	          33(1.3)	          31(1.22)	           2(0.08)	           0(0.0)	           0(0.0)	           0(0.0)	           0(0.0)
          17	        2519(99.13)	          22(0.87)	          22(0.87)	           0(0.0)	           0(0.0)	           0(0.0)	           0(0.0)	           0(0.0)
          18	        2511(98.82)	          30(1.18)	          30(1.18)	           0(0.0)	           0(0.0)	           0(0.0)	           0(0.0)	           0(0.0)
          19	        2512(98.86)	          29(1.14)	          28(1.1)	           1(0.04)	           0(0.0)	           0(0.0)	           0(0.0)	           0(0.0)
          20	        2522(99.25)	          19(0.75)	          17(0.67)	           2(0.08)	           0(0.0)	           0(0.0)	           0(0.0)	           0(0.0)


2.2 Number of violated models for each restraint
------------------------------------------------

	Restraint ID             	No. of Violated Models   	Average Violation(A)     	Violated Models          

	8                        	1                        	0.0057                   	16                       
	9                        	5                        	0.0779                   	2,12,16,17,20            
	10                       	3                        	0.1585                   	6,15,20                  
	41                       	1                        	0.1748                   	18                       
	68                       	2                        	0.1451                   	13,15                    
	71                       	5                        	0.0978                   	5,10,11,13,14            
	85                       	2                        	0.0192                   	3,16                     
	88                       	1                        	0.0171                   	3                        
	89                       	1                        	0.0607                   	8                        
	101                      	1                        	0.0297                   	19                       
	181                      	4                        	0.0121                   	3,5,10,16                
	307                      	1                        	0.0032                   	2                        
	311                      	1                        	0.0505                   	7                        
	477                      	1                        	0.007                    	7                        
	536                      	2                        	0.0299                   	2,16                     
	546                      	2                        	0.0675                   	4,7                      
	600                      	1                        	0.0515                   	7                        
	602                      	3                        	0.0388                   	9,15,17                  
	624                      	4                        	0.0606                   	1,11,16,20               
	629                      	3                        	0.0635                   	3,7,18                   
	630                      	1                        	0.0382                   	19                       
	635                      	1                        	0.0101                   	5                        
	651                      	7                        	0.094                    	2,4,8,9,17,18,20         
	652                      	1                        	0.0728                   	9                        
	653                      	1                        	0.1126                   	4                        
	656                      	1                        	0.1035                   	10                       
	662                      	1                        	0.1205                   	13                       
	667                      	2                        	0.0732                   	3,20                     
	668                      	3                        	0.0346                   	3,11,12                  
	679                      	3                        	0.082                    	3,13,14                  
	682                      	2                        	0.015                    	7,15                     
	685                      	10                       	0.0175                   	1,2,3,5,6,7,8,16,17,19   
	693                      	2                        	0.0128                   	15,16                    
	696                      	1                        	0.0139                   	12                       
	699                      	4                        	0.029                    	5,10,16,18               
	725                      	2                        	0.0287                   	9,14                     
	737                      	2                        	0.0235                   	3,5                      
	738                      	1                        	0.0502                   	20                       
	746                      	2                        	0.0061                   	4,9                      
	755                      	1                        	0.0713                   	7                        
	757                      	1                        	0.0179                   	15                       
	767                      	6                        	0.03                     	9,10,11,13,14,18         
	769                      	1                        	0.0307                   	11                       
	777                      	1                        	0.0325                   	13                       
	778                      	1                        	0.1324                   	12                       
	785                      	1                        	0.038                    	7                        
	795                      	3                        	0.051                    	1,6,19                   
	801                      	3                        	0.0592                   	6,16,19                  
	821                      	5                        	0.0651                   	9,11,13,15,20            
	866                      	5                        	0.0851                   	1,8,9,11,16              
	875                      	2                        	0.1199                   	15,18                    
	1087                     	1                        	0.0043                   	7                        
	1120                     	1                        	0.0673                   	16                       
	1135                     	4                        	0.0364                   	4,6,9,10                 
	1136                     	1                        	0.0408                   	10                       
	1185                     	1                        	0.16                     	9                        
	1192                     	2                        	0.0401                   	14,17                    
	1221                     	1                        	0.029                    	11                       
	1229                     	1                        	0.1315                   	10                       
	1230                     	3                        	0.0159                   	10,12,13                 
	1233                     	8                        	0.062                    	3,4,5,8,11,16,17,18      
	1244                     	1                        	0.0623                   	20                       
	1245                     	2                        	0.0318                   	15,20                    
	1247                     	1                        	0.0129                   	12                       
	1258                     	2                        	0.0644                   	1,17                     
	1260                     	1                        	0.0055                   	7                        
	1262                     	5                        	0.0804                   	1,3,4,18,20              
	1268                     	5                        	0.0312                   	6,13,17,18,19            
	1279                     	1                        	0.0361                   	9                        
	1280                     	1                        	0.0108                   	3                        
	1282                     	1                        	0.0012                   	12                       
	1283                     	1                        	0.1069                   	12                       
	1323                     	3                        	0.0777                   	8,9,16                   
	1324                     	2                        	0.0466                   	6,10                     
	1325                     	2                        	0.052                    	6,9                      
	1328                     	1                        	0.0987                   	10                       
	1334                     	3                        	0.0422                   	3,8,12                   
	1359                     	1                        	0.036                    	5                        
	1360                     	1                        	0.0205                   	13                       
	1362                     	2                        	0.0633                   	18,19                    
	1366                     	1                        	0.0763                   	18                       
	1385                     	2                        	0.0912                   	10,11                    
	1398                     	2                        	0.0932                   	9,18                     
	1403                     	15                       	0.0442                   	1,2,3,4,5,6,7,8,9,10,12,14,15,16,17
	1408                     	13                       	0.0464                   	3,4,5,6,7,9,13,14,15,16,17,18,19
	1421                     	1                        	0.0537                   	10                       
	1426                     	3                        	0.0066                   	9,12,13                  
	1490                     	1                        	0.0021                   	8                        
	1495                     	10                       	0.084                    	1,5,6,7,8,10,15,17,18,19 
	1503                     	1                        	0.0288                   	6                        
	1504                     	5                        	0.0726                   	1,4,14,15,16             
	1509                     	1                        	0.0186                   	20                       
	1516                     	1                        	0.0765                   	4                        
	1530                     	2                        	0.025                    	14,18                    
	1541                     	10                       	0.0327                   	1,5,8,9,10,12,13,14,18,19
	1586                     	1                        	0.0973                   	4                        
	1587                     	2                        	0.0694                   	7,11                     
	1588                     	3                        	0.0283                   	3,11,17                  
	1589                     	1                        	0.0036                   	10                       
	1590                     	1                        	0.0408                   	4                        
	1591                     	1                        	0.0657                   	4                        
	1593                     	2                        	0.1648                   	9,15                     
	1594                     	4                        	0.1601                   	4,9,15,16                
	1601                     	2                        	0.1316                   	9,15                     
	1606                     	1                        	0.0283                   	1                        
	1613                     	1                        	0.0312                   	13                       
	1643                     	1                        	0.0187                   	12                       
	1644                     	2                        	0.0195                   	14,15                    
	1655                     	1                        	0.0239                   	8                        
	1657                     	1                        	0.0249                   	19                       
	1661                     	4                        	0.0671                   	9,11,12,16               
	1666                     	1                        	0.0197                   	16                       
	1680                     	2                        	0.0199                   	9,13                     
	1692                     	2                        	0.0512                   	4,11                     
	1696                     	5                        	0.027                    	9,12,13,18,19            
	1703                     	1                        	0.1731                   	15                       
	1706                     	1                        	0.0005                   	5                        
	1728                     	2                        	0.0697                   	4,19                     
	1734                     	2                        	0.1005                   	2,7                      
	1753                     	1                        	0.0285                   	8                        
	1760                     	1                        	0.0054                   	4                        
	1770                     	10                       	0.0701                   	1,4,5,6,10,11,15,17,18,20
	1773                     	1                        	0.0431                   	14                       
	1776                     	2                        	0.0526                   	2,20                     
	1780                     	9                        	0.0766                   	2,3,5,7,9,10,11,14,18    
	1782                     	1                        	0.0221                   	9                        
	1783                     	14                       	0.1622                   	1,2,4,5,8,10,11,12,13,15,16,18,19,20
	1800                     	1                        	0.0                      	2                        
	1818                     	3                        	0.066                    	4,6,18                   
	1819                     	1                        	0.024                    	11                       
	1843                     	1                        	0.0641                   	7                        
	1850                     	1                        	0.063                    	10                       
	1854                     	1                        	0.0004                   	7                        
	1877                     	2                        	0.0066                   	7,8                      
	1886                     	5                        	0.0591                   	5,8,14,15,18             
	1889                     	1                        	0.101                    	17                       
	1890                     	3                        	0.0294                   	3,11,16                  
	1891                     	2                        	0.0392                   	8,13                     
	1895                     	1                        	0.0258                   	12                       
	1898                     	1                        	0.0389                   	19                       
	1913                     	1                        	0.0332                   	3                        
	1943                     	1                        	0.0729                   	10                       
	1947                     	3                        	0.0715                   	1,3,13                   
	1948                     	1                        	0.0114                   	13                       
	1951                     	1                        	0.0658                   	19                       
	1964                     	1                        	0.0087                   	5                        
	1991                     	3                        	0.0235                   	6,14,15                  
	1993                     	1                        	0.0126                   	8                        
	2000                     	1                        	0.0191                   	12                       
	2004                     	1                        	0.0685                   	9                        
	2005                     	1                        	0.0818                   	3                        
	2014                     	1                        	0.0523                   	11                       
	2016                     	2                        	0.0203                   	9,13                     
	2026                     	1                        	0.067                    	8                        
	2035                     	1                        	0.0098                   	10                       
	2041                     	2                        	0.0881                   	2,16                     
	2072                     	1                        	0.0113                   	20                       
	2076                     	1                        	0.0151                   	9                        
	2127                     	1                        	0.2692                   	6                        
	2132                     	4                        	0.0155                   	1,7,10,19                
	2142                     	1                        	0.0138                   	17                       
	2146                     	2                        	0.0803                   	8,10                     
	2147                     	2                        	0.1332                   	9,10                     
	2150                     	3                        	0.0445                   	4,8,20                   
	2154                     	2                        	0.0038                   	1,5                      
	2155                     	1                        	0.0488                   	19                       
	2170                     	1                        	0.0057                   	8                        
	2172                     	1                        	0.0052                   	8                        
	2177                     	2                        	0.0401                   	9,13                     
	2204                     	1                        	0.1439                   	10                       
	2208                     	1                        	0.1178                   	10                       
	2210                     	3                        	0.0178                   	9,12,13                  
	2215                     	3                        	0.0409                   	5,7,19                   
	2217                     	5                        	0.0515                   	3,11,16,17,19            
	2218                     	1                        	0.0178                   	8                        
	2250                     	10                       	0.0386                   	1,2,3,5,6,7,8,16,17,19   
	2265                     	2                        	0.089                    	7,12                     
	2267                     	1                        	0.0598                   	9                        
	2269                     	1                        	0.0166                   	8                        
	2270                     	1                        	0.0082                   	11                       
	2284                     	1                        	0.0683                   	16                       
	2302                     	11                       	0.0363                   	1,5,8,9,10,11,12,13,14,18,19
	2314                     	3                        	0.0586                   	9,10,11                  
	2332                     	10                       	0.0449                   	2,3,5,10,15,16,17,18,19,20
	2355                     	1                        	0.2399                   	7                        
	2360                     	1                        	0.1416                   	11                       
	2380                     	8                        	0.0677                   	1,2,7,8,10,12,13,17      
	2392                     	1                        	0.0151                   	12                       
	2393                     	1                        	0.062                    	1                        
	2395                     	3                        	0.0738                   	5,6,16                   
	2429                     	1                        	0.0059                   	10                       
	2437                     	1                        	0.0505                   	15                       
	2446                     	1                        	0.0152                   	7                        
	2456                     	2                        	0.0532                   	18,19                    
	2458                     	2                        	0.0496                   	5,17                     
	2464                     	1                        	0.1465                   	18                       
	2465                     	1                        	0.1575                   	19                       
	2467                     	1                        	0.0199                   	7                        
	2477                     	2                        	0.0444                   	4,9                      
	2494                     	2                        	0.0465                   	2,16                     
	7                        	3                        	0.0126                   	1,11,18                  
	11                       	3                        	0.011                    	14,15,19                 
	15                       	14                       	0.0274                   	1,2,5,7,8,9,10,11,12,13,15,18,19,20
	17                       	1                        	0.0016                   	17                       
	19                       	3                        	0.0406                   	4,15,16                  
	21                       	4                        	0.0216                   	8,9,12,16                
	27                       	1                        	0.0552                   	11                       
	29                       	1                        	0.0016                   	11                       
	31                       	10                       	0.0282                   	1,2,6,9,10,12,13,14,18,19
	35                       	20                       	0.0546                   	1,2,3,4,5,6,7,8,9,10,11,12,13,14,15,16,17,18,19,20
	39                       	3                        	0.0265                   	4,14,16                  

2.3 Distance restraint violations summary
-----------------------------------------

	                                                                 	Intrresidue         	Sequential          	Medium-range        	Long-range          	Total               

	Number of consistently violated restraints (violated in all models)	     0 (0.0%)       	     0 (0.0%)       	     1 (0.04%)      	     0 (0.0%)       	     1 (0.04%)      
	Number of violated restraints (at least in one model)            	    11 (0.43%)      	    25 (0.98%)      	    54 (2.13%)      	   121 (4.76%)      	   211 (8.3%)       
	Number of non violated restraints                                	   732 (28.81%)     	   606 (23.85%)     	   359 (14.13%)     	   633 (24.91%)     	  2330 (91.7%)      
	Total number of restraints                                       	   743 (29.24%)     	   631 (24.83%)     	   413 (16.25%)     	   754 (29.67%)     	  2541 (100.0%)     


2.4 List of largest 10 distance violations
------------------------------------------

	Restraint ID                  	Model ID                      	|Exp. value - Model value|A   

	1783                          	2                             	0.3179                        
	10                            	20                            	0.2844                        
	1594                          	15                            	0.2807                        
	2127                          	6                             	0.2692                        
	1783                          	16                            	0.2641                        
	1783                          	13                            	0.2601                        
	2355                          	7                             	0.2399                        
	68                            	13                            	0.2348                        
	1594                          	16                            	0.2301                        
	1783                          	19                            	0.216                         


2.5 List of largest 10 average distance violations
--------------------------------------------------

	Restraint ID                  	Number of Models              	|Exp. value - Model value|A   

	2127                          	1                             	0.2692                        
	2355                          	1                             	0.2399                        
	41                            	1                             	0.1748                        
	1703                          	1                             	0.1731                        
	1593                          	2                             	0.1648                        
	1783                          	14                            	0.1622                        
	1594                          	4                             	0.1601                        
	1185                          	1                             	0.16                          
	10                            	3                             	0.1585                        
	2465                          	1                             	0.1575                        
========================================================================================================================

3. Angle restraints summary
---------------------------

	Total number of restraints                                    =   122 (100.0%)
	Torsion angle Name PHI                                        =    61 (50.0%)
	Torsion angle Name PSI                                        =    61 (50.0%)


4. Angle restraint violations
------------------------------

4.1 Number of violated restraints for each model
------------------------------------------------

       Model	Not Violated (%)	    Violated (%)	         0-5 (%)	        5-10 (%)	       10-20 (%)	       20-40 (%)	       40-80 (%)	         >80 (%)

           1	         112(91.8)	          10(8.2)	          10(8.2)	           0(0.0)	           0(0.0)	           0(0.0)	           0(0.0)	           0(0.0)
           2	         111(90.98)	          11(9.02)	          11(9.02)	           0(0.0)	           0(0.0)	           0(0.0)	           0(0.0)	           0(0.0)
           3	         108(88.52)	          14(11.48)	          14(11.48)	           0(0.0)	           0(0.0)	           0(0.0)	           0(0.0)	           0(0.0)
           4	         115(94.26)	           7(5.74)	           7(5.74)	           0(0.0)	           0(0.0)	           0(0.0)	           0(0.0)	           0(0.0)
           5	         106(86.89)	          16(13.11)	          16(13.11)	           0(0.0)	           0(0.0)	           0(0.0)	           0(0.0)	           0(0.0)
           6	         114(93.44)	           8(6.56)	           8(6.56)	           0(0.0)	           0(0.0)	           0(0.0)	           0(0.0)	           0(0.0)
           7	         111(90.98)	          11(9.02)	          11(9.02)	           0(0.0)	           0(0.0)	           0(0.0)	           0(0.0)	           0(0.0)
           8	         109(89.34)	          13(10.66)	          13(10.66)	           0(0.0)	           0(0.0)	           0(0.0)	           0(0.0)	           0(0.0)
           9	         115(94.26)	           7(5.74)	           7(5.74)	           0(0.0)	           0(0.0)	           0(0.0)	           0(0.0)	           0(0.0)
          10	         112(91.8)	          10(8.2)	           9(7.38)	           1(0.82)	           0(0.0)	           0(0.0)	           0(0.0)	           0(0.0)
          11	         117(95.9)	           5(4.1)	           5(4.1)	           0(0.0)	           0(0.0)	           0(0.0)	           0(0.0)	           0(0.0)
          12	         111(90.98)	          11(9.02)	          11(9.02)	           0(0.0)	           0(0.0)	           0(0.0)	           0(0.0)	           0(0.0)
          13	         113(92.62)	           9(7.38)	           9(7.38)	           0(0.0)	           0(0.0)	           0(0.0)	           0(0.0)	           0(0.0)
          14	         115(94.26)	           7(5.74)	           7(5.74)	           0(0.0)	           0(0.0)	           0(0.0)	           0(0.0)	           0(0.0)
          15	         108(88.52)	          14(11.48)	          14(11.48)	           0(0.0)	           0(0.0)	           0(0.0)	           0(0.0)	           0(0.0)
          16	         115(94.26)	           7(5.74)	           7(5.74)	           0(0.0)	           0(0.0)	           0(0.0)	           0(0.0)	           0(0.0)
          17	         113(92.62)	           9(7.38)	           9(7.38)	           0(0.0)	           0(0.0)	           0(0.0)	           0(0.0)	           0(0.0)
          18	         106(86.89)	          16(13.11)	          14(11.48)	           2(1.64)	           0(0.0)	           0(0.0)	           0(0.0)	           0(0.0)
          19	         110(90.16)	          12(9.84)	          12(9.84)	           0(0.0)	           0(0.0)	           0(0.0)	           0(0.0)	           0(0.0)
          20	         115(94.26)	           7(5.74)	           7(5.74)	           0(0.0)	           0(0.0)	           0(0.0)	           0(0.0)	           0(0.0)


4.2 Number of violated models for each restraint
------------------------------------------------

	Restraint ID             	No. of Violated Models   	Average Violation(A)     	Violated Models          

	4                        	1                        	0.1675                   	15                       
	6                        	1                        	1.1003                   	15                       
	7                        	5                        	0.5689                   	5,7,10,16,17             
	9                        	5                        	0.899                    	4,8,15,18,19             
	10                       	10                       	1.6624                   	1,2,3,5,6,8,9,12,13,14   
	12                       	18                       	2.2545                   	1,2,3,4,5,7,8,9,10,11,12,13,14,15,17,18,19,20
	14                       	1                        	0.7047                   	12                       
	15                       	1                        	1.5245                   	2                        
	16                       	1                        	1.2648                   	6                        
	17                       	3                        	1.2579                   	5,8,10                   
	18                       	1                        	0.2701                   	19                       
	19                       	6                        	0.3152                   	8,11,15,16,18,20         
	22                       	5                        	1.298                    	1,3,5,8,12               
	23                       	9                        	2.5868                   	3,5,7,10,14,15,17,18,19  
	24                       	7                        	1.7684                   	5,7,10,13,15,18,19       
	26                       	15                       	2.4066                   	2,3,4,5,7,8,10,12,13,15,16,17,18,19,20
	27                       	5                        	0.8773                   	2,9,12,15,18             
	29                       	1                        	0.846                    	19                       
	30                       	11                       	1.1941                   	1,2,5,6,7,8,11,15,17,18,20
	32                       	19                       	3.1212                   	1,3,4,5,6,7,8,9,10,11,12,13,14,15,16,17,18,19,20
	39                       	1                        	1.1969                   	15                       
	41                       	1                        	0.4204                   	5                        
	62                       	4                        	1.0482                   	9,12,13,18               
	66                       	1                        	0.0975                   	11                       
	69                       	3                        	0.708                    	6,13,18                  
	70                       	8                        	1.9245                   	2,3,5,7,10,15,16,19      
	75                       	1                        	0.535                    	9                        
	76                       	1                        	1.9656                   	2                        
	78                       	1                        	0.7514                   	8                        
	79                       	7                        	0.6889                   	1,3,5,6,8,10,18          
	81                       	18                       	2.8972                   	1,2,3,4,5,6,7,8,9,10,12,13,15,16,17,18,19,20
	85                       	3                        	0.8515                   	2,5,16                   
	86                       	1                        	0.6285                   	13                       
	89                       	3                        	1.5045                   	4,18,19                  
	90                       	4                        	0.9331                   	1,7,14,18                
	92                       	4                        	1.2674                   	3,4,18,19                
	93                       	3                        	1.852                    	6,14,20                  
	100                      	2                        	0.9678                   	2,8                      
	110                      	2                        	0.7189                   	14,17                    
	114                      	1                        	1.5258                   	17                       
	116                      	2                        	1.9097                   	3,5                      
	119                      	3                        	1.1766                   	1,3,12                   
	120                      	2                        	0.9825                   	3,12                     
	122                      	3                        	0.9237                   	1,3,7                    

4.3 Angle restraint violations summary
--------------------------------------

	Number of consistently violated restraints (violated in all models)     =     0 (0.0%)
	Number of violated restraints (at least in one model)                   =    44 (36.07%)
	Number of non violated restraints                                       =    78 (63.93%)
	Total number of restraints                                              =   122 (100.0%)


4.4 List of largest 10 angle violations
---------------------------------------

	Restraint ID                  	Model ID                      	|Exp. value - Model value|A   

	23                            	10                            	6.2582                        
	32                            	18                            	5.9254                        
	26                            	18                            	5.2352                        
	32                            	9                             	4.9706                        
	23                            	17                            	4.7384                        
	81                            	12                            	4.6873                        
	12                            	7                             	4.6377                        
	81                            	15                            	4.6199                        
	32                            	6                             	4.4428                        
	32                            	8                             	4.4012                        


4.5 List of largest 10 average angle violations
-----------------------------------------------

	Restraint ID                  	Number of models              	|Exp. value - Model value|A   

	32                            	19                            	3.1212                        
	81                            	18                            	2.8972                        
	23                            	9                             	2.5868                        
	26                            	15                            	2.4066                        
	12                            	18                            	2.2545                        
	76                            	1                             	1.9656                        
	70                            	8                             	1.9245                        
	116                           	2                             	1.9097                        
	93                            	3                             	1.852                         
	24                            	7                             	1.7684                        
========================================================================================================================

